[INFO ] 2023-02-27 08:46:30 [main] ModelStorage - Filename: FCA/src/test/resources/metadata5/metadata5.owl
# Instances:       19, # Categories:        0, # OntProperties:        0, # DataTypeProperties:        0, # ObjectProperties:        0, # OntClasses:        3.
[INFO ] 2023-02-27 08:46:30 [main] ModelStorage - Filename: FCA/src/test/resources/metadata5/wrong5.owl
# Instances:       12, # Categories:        0, # OntProperties:        0, # DataTypeProperties:        0, # ObjectProperties:        0, # OntClasses:        2.
[INFO ] 2023-02-27 08:46:30 [main] LexicalMatcherImpl - <<<<<<< Start matching class >>>>>>>
[INFO ] 2023-02-27 08:46:30 [main] LexicalMatcherImpl - Init Formal Concept Analysis Builder...
[INFO ] 2023-02-27 08:46:30 [main] LexicalMatcherImpl - Start formal concept analysis...
[INFO ] 2023-02-27 08:46:30 [main] LexicalMatcherImpl - Start getting simplified concepts (Size of object: [1, -1], Size of attribute: [0, -1])...
[INFO ] 2023-02-27 08:46:30 [main] LexicalMatcherImpl - Finish getting simplified concepts!
[INFO ] 2023-02-27 08:46:30 [main] LexicalMatcherImpl - Finish extracting mappings from simplified concepts!
[INFO ] 2023-02-27 08:46:30 [main] LexicalMatcherImpl - Start building complete concepts (Size of object: [2. 2], Size of attribute: [1, -1])...
[INFO ] 2023-02-27 08:46:30 [main] LexicalMatcherImpl - Finish building complete concepts!
[INFO ] 2023-02-27 08:46:30 [main] LexicalMatcherImpl - Finish extracting mappings from complete concepts!
[INFO ] 2023-02-27 08:46:30 [main] LexicalMatcherImpl - Finish analysis!
[INFO ] 2023-02-27 08:46:30 [main] LexicalMatcherImpl - <<<<<<< Start matching object property >>>>>>>
[INFO ] 2023-02-27 08:46:30 [main] LexicalMatcherImpl - Init Formal Concept Analysis Builder...
[INFO ] 2023-02-27 08:46:30 [main] LexicalMatcherImpl - Start formal concept analysis...
[INFO ] 2023-02-27 08:46:30 [main] LexicalMatcherImpl - Start getting simplified concepts (Size of object: [1, -1], Size of attribute: [0, -1])...
[INFO ] 2023-02-27 08:46:30 [main] LexicalMatcherImpl - Finish getting simplified concepts!
[INFO ] 2023-02-27 08:46:30 [main] LexicalMatcherImpl - Finish extracting mappings from simplified concepts!
[INFO ] 2023-02-27 08:46:30 [main] LexicalMatcherImpl - Start building complete concepts (Size of object: [2. 2], Size of attribute: [1, -1])...
[INFO ] 2023-02-27 08:46:30 [main] LexicalMatcherImpl - Finish building complete concepts!
[INFO ] 2023-02-27 08:46:30 [main] LexicalMatcherImpl - Finish extracting mappings from complete concepts!
[INFO ] 2023-02-27 08:46:30 [main] LexicalMatcherImpl - Finish analysis!
[INFO ] 2023-02-27 08:46:30 [main] StructuralMatcherImpl - <<<<<<< Start matching class >>>>>>>
[INFO ] 2023-02-27 08:46:30 [main] StructuralMatcherImpl - Init Formal Concept Analysis Builder...
[INFO ] 2023-02-27 08:46:30 [main] StructuralMatcherImpl - Start formal concept analysis...
[INFO ] 2023-02-27 08:46:30 [main] StructuralMatcherImpl - Start getting simplified concepts (Size of object: [2, 2], Size of attribute: [0, -1])...
[INFO ] 2023-02-27 08:46:30 [main] StructuralMatcherImpl - Finish getting simplified concepts!
[INFO ] 2023-02-27 08:46:30 [main] StructuralMatcherImpl - Finish extracting mappings from simplified concepts!
[INFO ] 2023-02-27 08:46:30 [main] StructuralMatcherImpl - Start building complete concepts (Size of object: [2, 2], Size of attribute: [1, -1])...
[INFO ] 2023-02-27 08:46:30 [main] StructuralMatcherImpl - Finish building complete concepts!
[INFO ] 2023-02-27 08:46:30 [main] StructuralMatcherImpl - Finish extracting mappings from complete concepts!
[INFO ] 2023-02-27 08:46:30 [main] StructuralMatcherImpl - Finish analysis!
[INFO ] 2023-02-27 09:38:01 [main] ModelStorage - Filename: FCA/src/test/resources/metadata5/metadata5.owl
# Instances:       19, # Categories:        0, # OntProperties:        0, # DataTypeProperties:        0, # ObjectProperties:        0, # OntClasses:        3.
[INFO ] 2023-02-27 09:38:01 [main] ModelStorage - Filename: FCA/src/test/resources/metadata5/wrong5.owl
# Instances:       12, # Categories:        0, # OntProperties:        0, # DataTypeProperties:        0, # ObjectProperties:        0, # OntClasses:        2.
[INFO ] 2023-02-27 09:38:01 [main] LexicalMatcherImpl - <<<<<<< Start matching class >>>>>>>
[INFO ] 2023-02-27 09:38:01 [main] LexicalMatcherImpl - Init Formal Concept Analysis Builder...
[INFO ] 2023-02-27 09:38:01 [main] LexicalMatcherImpl - Start formal concept analysis...
[INFO ] 2023-02-27 09:38:01 [main] LexicalMatcherImpl - Start getting simplified concepts (Size of object: [1, -1], Size of attribute: [0, -1])...
[INFO ] 2023-02-27 09:38:01 [main] LexicalMatcherImpl - Finish getting simplified concepts!
[INFO ] 2023-02-27 09:38:01 [main] LexicalMatcherImpl - Finish extracting mappings from simplified concepts!
[INFO ] 2023-02-27 09:38:01 [main] LexicalMatcherImpl - Start building complete concepts (Size of object: [2. 2], Size of attribute: [1, -1])...
[INFO ] 2023-02-27 09:38:01 [main] LexicalMatcherImpl - Finish building complete concepts!
[INFO ] 2023-02-27 09:38:01 [main] LexicalMatcherImpl - Finish extracting mappings from complete concepts!
[INFO ] 2023-02-27 09:38:01 [main] LexicalMatcherImpl - Finish analysis!
[INFO ] 2023-02-27 09:38:01 [main] LexicalMatcherImpl - <<<<<<< Start matching object property >>>>>>>
[INFO ] 2023-02-27 09:38:01 [main] LexicalMatcherImpl - Init Formal Concept Analysis Builder...
[INFO ] 2023-02-27 09:38:01 [main] LexicalMatcherImpl - Start formal concept analysis...
[INFO ] 2023-02-27 09:38:01 [main] LexicalMatcherImpl - Start getting simplified concepts (Size of object: [1, -1], Size of attribute: [0, -1])...
[INFO ] 2023-02-27 09:38:01 [main] LexicalMatcherImpl - Finish getting simplified concepts!
[INFO ] 2023-02-27 09:38:01 [main] LexicalMatcherImpl - Finish extracting mappings from simplified concepts!
[INFO ] 2023-02-27 09:38:01 [main] LexicalMatcherImpl - Start building complete concepts (Size of object: [2. 2], Size of attribute: [1, -1])...
[INFO ] 2023-02-27 09:38:01 [main] LexicalMatcherImpl - Finish building complete concepts!
[INFO ] 2023-02-27 09:38:01 [main] LexicalMatcherImpl - Finish extracting mappings from complete concepts!
[INFO ] 2023-02-27 09:38:01 [main] LexicalMatcherImpl - Finish analysis!
[INFO ] 2023-02-27 09:38:01 [main] StructuralMatcherImpl - <<<<<<< Start matching class >>>>>>>
[INFO ] 2023-02-27 09:38:01 [main] StructuralMatcherImpl - Init Formal Concept Analysis Builder...
[INFO ] 2023-02-27 09:38:01 [main] StructuralMatcherImpl - Start formal concept analysis...
[INFO ] 2023-02-27 09:38:01 [main] StructuralMatcherImpl - Start getting simplified concepts (Size of object: [2, 2], Size of attribute: [0, -1])...
[INFO ] 2023-02-27 09:38:01 [main] StructuralMatcherImpl - Finish getting simplified concepts!
[INFO ] 2023-02-27 09:38:01 [main] StructuralMatcherImpl - Finish extracting mappings from simplified concepts!
[INFO ] 2023-02-27 09:38:01 [main] StructuralMatcherImpl - Start building complete concepts (Size of object: [2, 2], Size of attribute: [1, -1])...
[INFO ] 2023-02-27 09:38:01 [main] StructuralMatcherImpl - Finish building complete concepts!
[INFO ] 2023-02-27 09:38:01 [main] StructuralMatcherImpl - Finish extracting mappings from complete concepts!
[INFO ] 2023-02-27 09:38:01 [main] StructuralMatcherImpl - Finish analysis!
[INFO ] 2023-02-27 09:41:04 [main] ModelStorage - Filename: FCA/src/test/resources/metadata5/metadata5.owl
# Instances:       19, # Categories:        0, # OntProperties:        0, # DataTypeProperties:        0, # ObjectProperties:        0, # OntClasses:        3.
[INFO ] 2023-02-27 09:41:04 [main] ModelStorage - Filename: FCA/src/test/resources/metadata5/wrong5.owl
# Instances:       12, # Categories:        0, # OntProperties:        0, # DataTypeProperties:        0, # ObjectProperties:        0, # OntClasses:        2.
[INFO ] 2023-02-27 09:41:04 [main] LexicalMatcherImpl - <<<<<<< Start matching class >>>>>>>
[INFO ] 2023-02-27 09:41:04 [main] LexicalMatcherImpl - Init Formal Concept Analysis Builder...
[INFO ] 2023-02-27 09:41:04 [main] LexicalMatcherImpl - Start formal concept analysis...
[INFO ] 2023-02-27 09:41:04 [main] LexicalMatcherImpl - Start getting simplified concepts (Size of object: [1, -1], Size of attribute: [0, -1])...
[INFO ] 2023-02-27 09:41:04 [main] LexicalMatcherImpl - Finish getting simplified concepts!
[INFO ] 2023-02-27 09:41:04 [main] LexicalMatcherImpl - Finish extracting mappings from simplified concepts!
[INFO ] 2023-02-27 09:41:04 [main] LexicalMatcherImpl - Start building complete concepts (Size of object: [2. 2], Size of attribute: [1, -1])...
[INFO ] 2023-02-27 09:41:04 [main] LexicalMatcherImpl - Finish building complete concepts!
[INFO ] 2023-02-27 09:41:04 [main] LexicalMatcherImpl - Finish extracting mappings from complete concepts!
[INFO ] 2023-02-27 09:41:04 [main] LexicalMatcherImpl - Finish analysis!
[INFO ] 2023-02-27 09:43:40 [main] LexicalMatcherImpl - <<<<<<< Start matching object property >>>>>>>
[INFO ] 2023-02-27 09:43:40 [main] LexicalMatcherImpl - Init Formal Concept Analysis Builder...
[INFO ] 2023-02-27 09:43:40 [main] LexicalMatcherImpl - Start formal concept analysis...
[INFO ] 2023-02-27 09:43:40 [main] LexicalMatcherImpl - Start getting simplified concepts (Size of object: [1, -1], Size of attribute: [0, -1])...
[INFO ] 2023-02-27 09:43:40 [main] LexicalMatcherImpl - Finish getting simplified concepts!
[INFO ] 2023-02-27 09:43:40 [main] LexicalMatcherImpl - Finish extracting mappings from simplified concepts!
[INFO ] 2023-02-27 09:43:40 [main] LexicalMatcherImpl - Start building complete concepts (Size of object: [2. 2], Size of attribute: [1, -1])...
[INFO ] 2023-02-27 09:43:40 [main] LexicalMatcherImpl - Finish building complete concepts!
[INFO ] 2023-02-27 09:43:40 [main] LexicalMatcherImpl - Finish extracting mappings from complete concepts!
[INFO ] 2023-02-27 09:43:40 [main] LexicalMatcherImpl - Finish analysis!
[INFO ] 2023-02-27 09:43:40 [main] StructuralMatcherImpl - <<<<<<< Start matching class >>>>>>>
[INFO ] 2023-02-27 09:43:40 [main] StructuralMatcherImpl - Init Formal Concept Analysis Builder...
[INFO ] 2023-02-27 09:43:40 [main] StructuralMatcherImpl - Start formal concept analysis...
[INFO ] 2023-02-27 09:43:40 [main] StructuralMatcherImpl - Start getting simplified concepts (Size of object: [2, 2], Size of attribute: [0, -1])...
[INFO ] 2023-02-27 09:43:40 [main] StructuralMatcherImpl - Finish getting simplified concepts!
[INFO ] 2023-02-27 09:43:40 [main] StructuralMatcherImpl - Finish extracting mappings from simplified concepts!
[INFO ] 2023-02-27 09:43:40 [main] StructuralMatcherImpl - Start building complete concepts (Size of object: [2, 2], Size of attribute: [1, -1])...
[INFO ] 2023-02-27 09:43:40 [main] StructuralMatcherImpl - Finish building complete concepts!
[INFO ] 2023-02-27 09:43:40 [main] StructuralMatcherImpl - Finish extracting mappings from complete concepts!
[INFO ] 2023-02-27 09:43:40 [main] StructuralMatcherImpl - Finish analysis!
[INFO ] 2023-02-27 09:51:18 [main] ModelStorage - Filename: FCA/src/test/resources/metadata5/metadata5.owl
# Instances:       19, # Categories:        0, # OntProperties:        0, # DataTypeProperties:        0, # ObjectProperties:        0, # OntClasses:        3.
[INFO ] 2023-02-27 09:51:18 [main] ModelStorage - Filename: FCA/src/test/resources/metadata5/wrong5.owl
# Instances:       12, # Categories:        0, # OntProperties:        0, # DataTypeProperties:        0, # ObjectProperties:        0, # OntClasses:        2.
[INFO ] 2023-02-27 09:51:18 [main] LexicalMatcherImpl - <<<<<<< Start matching class >>>>>>>
[INFO ] 2023-02-27 09:51:18 [main] LexicalMatcherImpl - Init Formal Concept Analysis Builder...
[INFO ] 2023-02-27 09:51:18 [main] LexicalMatcherImpl - Start formal concept analysis...
[INFO ] 2023-02-27 09:51:18 [main] LexicalMatcherImpl - Start getting simplified concepts (Size of object: [1, -1], Size of attribute: [0, -1])...
[INFO ] 2023-02-27 09:51:18 [main] LexicalMatcherImpl - Finish getting simplified concepts!
[INFO ] 2023-02-27 09:51:18 [main] LexicalMatcherImpl - Finish extracting mappings from simplified concepts!
[INFO ] 2023-02-27 09:51:18 [main] LexicalMatcherImpl - Start building complete concepts (Size of object: [2. 2], Size of attribute: [1, -1])...
[INFO ] 2023-02-27 09:51:18 [main] LexicalMatcherImpl - Finish building complete concepts!
[INFO ] 2023-02-27 09:51:18 [main] LexicalMatcherImpl - Finish extracting mappings from complete concepts!
[INFO ] 2023-02-27 09:51:18 [main] LexicalMatcherImpl - Finish analysis!
[INFO ] 2023-02-27 09:51:18 [main] LexicalMatcherImpl - <<<<<<< Start matching object property >>>>>>>
[INFO ] 2023-02-27 09:51:18 [main] LexicalMatcherImpl - Init Formal Concept Analysis Builder...
[INFO ] 2023-02-27 09:51:18 [main] LexicalMatcherImpl - Start formal concept analysis...
[INFO ] 2023-02-27 09:51:18 [main] LexicalMatcherImpl - Start getting simplified concepts (Size of object: [1, -1], Size of attribute: [0, -1])...
[INFO ] 2023-02-27 09:51:18 [main] LexicalMatcherImpl - Finish getting simplified concepts!
[INFO ] 2023-02-27 09:51:18 [main] LexicalMatcherImpl - Finish extracting mappings from simplified concepts!
[INFO ] 2023-02-27 09:51:18 [main] LexicalMatcherImpl - Start building complete concepts (Size of object: [2. 2], Size of attribute: [1, -1])...
[INFO ] 2023-02-27 09:51:18 [main] LexicalMatcherImpl - Finish building complete concepts!
[INFO ] 2023-02-27 09:51:18 [main] LexicalMatcherImpl - Finish extracting mappings from complete concepts!
[INFO ] 2023-02-27 09:51:18 [main] LexicalMatcherImpl - Finish analysis!
[INFO ] 2023-02-27 09:51:18 [main] StructuralMatcherImpl - <<<<<<< Start matching class >>>>>>>
[INFO ] 2023-02-27 09:51:18 [main] StructuralMatcherImpl - Init Formal Concept Analysis Builder...
[INFO ] 2023-02-27 09:51:18 [main] StructuralMatcherImpl - Start formal concept analysis...
[INFO ] 2023-02-27 09:51:18 [main] StructuralMatcherImpl - Start getting simplified concepts (Size of object: [2, 2], Size of attribute: [0, -1])...
[INFO ] 2023-02-27 09:51:18 [main] StructuralMatcherImpl - Finish getting simplified concepts!
[INFO ] 2023-02-27 09:51:18 [main] StructuralMatcherImpl - Finish extracting mappings from simplified concepts!
[INFO ] 2023-02-27 09:51:18 [main] StructuralMatcherImpl - Start building complete concepts (Size of object: [2, 2], Size of attribute: [1, -1])...
[INFO ] 2023-02-27 09:51:18 [main] StructuralMatcherImpl - Finish building complete concepts!
[INFO ] 2023-02-27 09:51:18 [main] StructuralMatcherImpl - Finish extracting mappings from complete concepts!
[INFO ] 2023-02-27 09:51:18 [main] StructuralMatcherImpl - Finish analysis!
[INFO ] 2023-02-27 09:52:22 [main] ModelStorage - Filename: FCA/src/test/resources/metadata5/metadata5.owl
# Instances:       19, # Categories:        0, # OntProperties:        0, # DataTypeProperties:        0, # ObjectProperties:        0, # OntClasses:        3.
[INFO ] 2023-02-27 09:52:22 [main] ModelStorage - Filename: FCA/src/test/resources/metadata5/wrong5.owl
# Instances:       12, # Categories:        0, # OntProperties:        0, # DataTypeProperties:        0, # ObjectProperties:        0, # OntClasses:        2.
[INFO ] 2023-02-27 09:52:22 [main] LexicalMatcherImpl - <<<<<<< Start matching class >>>>>>>
[INFO ] 2023-02-27 09:52:22 [main] LexicalMatcherImpl - Init Formal Concept Analysis Builder...
[INFO ] 2023-02-27 09:52:22 [main] LexicalMatcherImpl - Start formal concept analysis...
[INFO ] 2023-02-27 09:52:22 [main] LexicalMatcherImpl - Start getting simplified concepts (Size of object: [1, -1], Size of attribute: [0, -1])...
[INFO ] 2023-02-27 09:52:22 [main] LexicalMatcherImpl - Finish getting simplified concepts!
[INFO ] 2023-02-27 09:52:22 [main] LexicalMatcherImpl - Finish extracting mappings from simplified concepts!
[INFO ] 2023-02-27 09:52:22 [main] LexicalMatcherImpl - Start building complete concepts (Size of object: [2. 2], Size of attribute: [1, -1])...
[INFO ] 2023-02-27 09:52:22 [main] LexicalMatcherImpl - Finish building complete concepts!
[INFO ] 2023-02-27 09:52:22 [main] LexicalMatcherImpl - Finish extracting mappings from complete concepts!
[INFO ] 2023-02-27 09:52:22 [main] LexicalMatcherImpl - Finish analysis!
[INFO ] 2023-02-27 09:52:32 [main] LexicalMatcherImpl - <<<<<<< Start matching object property >>>>>>>
[INFO ] 2023-02-27 09:52:32 [main] LexicalMatcherImpl - Init Formal Concept Analysis Builder...
[INFO ] 2023-02-27 09:52:32 [main] LexicalMatcherImpl - Start formal concept analysis...
[INFO ] 2023-02-27 09:52:32 [main] LexicalMatcherImpl - Start getting simplified concepts (Size of object: [1, -1], Size of attribute: [0, -1])...
[INFO ] 2023-02-27 09:52:32 [main] LexicalMatcherImpl - Finish getting simplified concepts!
[INFO ] 2023-02-27 09:52:32 [main] LexicalMatcherImpl - Finish extracting mappings from simplified concepts!
[INFO ] 2023-02-27 09:52:32 [main] LexicalMatcherImpl - Start building complete concepts (Size of object: [2. 2], Size of attribute: [1, -1])...
[INFO ] 2023-02-27 09:52:32 [main] LexicalMatcherImpl - Finish building complete concepts!
[INFO ] 2023-02-27 09:52:32 [main] LexicalMatcherImpl - Finish extracting mappings from complete concepts!
[INFO ] 2023-02-27 09:52:32 [main] LexicalMatcherImpl - Finish analysis!
[INFO ] 2023-02-27 09:52:32 [main] StructuralMatcherImpl - <<<<<<< Start matching class >>>>>>>
[INFO ] 2023-02-27 09:52:32 [main] StructuralMatcherImpl - Init Formal Concept Analysis Builder...
[INFO ] 2023-02-27 09:52:32 [main] StructuralMatcherImpl - Start formal concept analysis...
[INFO ] 2023-02-27 09:52:32 [main] StructuralMatcherImpl - Start getting simplified concepts (Size of object: [2, 2], Size of attribute: [0, -1])...
[INFO ] 2023-02-27 09:52:32 [main] StructuralMatcherImpl - Finish getting simplified concepts!
[INFO ] 2023-02-27 09:52:32 [main] StructuralMatcherImpl - Finish extracting mappings from simplified concepts!
[INFO ] 2023-02-27 09:52:32 [main] StructuralMatcherImpl - Start building complete concepts (Size of object: [2, 2], Size of attribute: [1, -1])...
[INFO ] 2023-02-27 09:52:32 [main] StructuralMatcherImpl - Finish building complete concepts!
[INFO ] 2023-02-27 09:52:32 [main] StructuralMatcherImpl - Finish extracting mappings from complete concepts!
[INFO ] 2023-02-27 09:52:32 [main] StructuralMatcherImpl - Finish analysis!
[INFO ] 2023-02-27 09:57:41 [main] ModelStorage - Filename: FCA/src/test/resources/metadata5/metadata5.owl
# Instances:       19, # Categories:        0, # OntProperties:        0, # DataTypeProperties:        0, # ObjectProperties:        0, # OntClasses:        3.
[INFO ] 2023-02-27 09:57:41 [main] ModelStorage - Filename: FCA/src/test/resources/metadata5/wrong5.owl
# Instances:       12, # Categories:        0, # OntProperties:        0, # DataTypeProperties:        0, # ObjectProperties:        0, # OntClasses:        2.
[INFO ] 2023-02-27 09:57:41 [main] LexicalMatcherImpl - <<<<<<< Start matching class >>>>>>>
[INFO ] 2023-02-27 09:57:41 [main] LexicalMatcherImpl - Init Formal Concept Analysis Builder...
[INFO ] 2023-02-27 09:57:41 [main] LexicalMatcherImpl - Start formal concept analysis...
[INFO ] 2023-02-27 09:57:41 [main] LexicalMatcherImpl - Start getting simplified concepts (Size of object: [1, -1], Size of attribute: [0, -1])...
[INFO ] 2023-02-27 09:57:41 [main] LexicalMatcherImpl - Finish getting simplified concepts!
[INFO ] 2023-02-27 09:57:41 [main] LexicalMatcherImpl - Finish extracting mappings from simplified concepts!
[INFO ] 2023-02-27 09:57:41 [main] LexicalMatcherImpl - Start building complete concepts (Size of object: [2. 2], Size of attribute: [1, -1])...
[INFO ] 2023-02-27 09:57:41 [main] LexicalMatcherImpl - Finish building complete concepts!
[INFO ] 2023-02-27 09:57:41 [main] LexicalMatcherImpl - Finish extracting mappings from complete concepts!
[INFO ] 2023-02-27 09:57:41 [main] LexicalMatcherImpl - Finish analysis!
[INFO ] 2023-02-27 13:55:25 [main] ModelStorage - Filename: FCA/src/test/resources/metadata5/metadata5.owl
# Instances:       19, # Categories:        0, # OntProperties:        0, # DataTypeProperties:        0, # ObjectProperties:        0, # OntClasses:        3.
[INFO ] 2023-02-27 13:55:25 [main] ModelStorage - Filename: FCA/src/test/resources/metadata5/wrong5.owl
# Instances:       12, # Categories:        0, # OntProperties:        0, # DataTypeProperties:        0, # ObjectProperties:        0, # OntClasses:        2.
[INFO ] 2023-02-27 13:55:26 [main] LexicalMatcherImpl - <<<<<<< Start matching class >>>>>>>
[INFO ] 2023-02-27 13:55:26 [main] LexicalMatcherImpl - Init Formal Concept Analysis Builder...
[INFO ] 2023-02-27 13:55:26 [main] LexicalMatcherImpl - Start formal concept analysis...
[INFO ] 2023-02-27 13:55:26 [main] LexicalMatcherImpl - Start getting simplified concepts (Size of object: [1, -1], Size of attribute: [0, -1])...
[INFO ] 2023-02-27 13:55:26 [main] LexicalMatcherImpl - Finish getting simplified concepts!
[INFO ] 2023-02-27 13:55:26 [main] LexicalMatcherImpl - Finish extracting mappings from simplified concepts!
[INFO ] 2023-02-27 13:55:26 [main] LexicalMatcherImpl - Start building complete concepts (Size of object: [2. 2], Size of attribute: [1, -1])...
[INFO ] 2023-02-27 13:55:26 [main] LexicalMatcherImpl - Finish building complete concepts!
[INFO ] 2023-02-27 13:55:26 [main] LexicalMatcherImpl - Finish extracting mappings from complete concepts!
[INFO ] 2023-02-27 13:55:26 [main] LexicalMatcherImpl - Finish analysis!
[INFO ] 2023-02-27 14:05:32 [main] ModelStorage - Filename: FCA/src/test/resources/metadata5/metadata5.owl
# Instances:       19, # Categories:        0, # OntProperties:        0, # DataTypeProperties:        0, # ObjectProperties:        0, # OntClasses:        3.
[INFO ] 2023-02-27 14:05:32 [main] ModelStorage - Filename: FCA/src/test/resources/metadata5/wrong5.owl
# Instances:       12, # Categories:        0, # OntProperties:        0, # DataTypeProperties:        0, # ObjectProperties:        0, # OntClasses:        2.
[INFO ] 2023-02-27 14:05:32 [main] LexicalMatcherImpl - <<<<<<< Start matching class >>>>>>>
[INFO ] 2023-02-27 14:05:32 [main] LexicalMatcherImpl - Init Formal Concept Analysis Builder...
[INFO ] 2023-02-27 14:05:32 [main] LexicalMatcherImpl - Start formal concept analysis...
[INFO ] 2023-02-27 14:05:32 [main] LexicalMatcherImpl - Start getting simplified concepts (Size of object: [1, -1], Size of attribute: [0, -1])...
[INFO ] 2023-02-27 14:05:32 [main] LexicalMatcherImpl - Finish getting simplified concepts!
[INFO ] 2023-02-27 14:05:32 [main] LexicalMatcherImpl - Finish extracting mappings from simplified concepts!
[INFO ] 2023-02-27 14:05:32 [main] LexicalMatcherImpl - Start building complete concepts (Size of object: [2. 2], Size of attribute: [1, -1])...
[INFO ] 2023-02-27 14:05:32 [main] LexicalMatcherImpl - Finish building complete concepts!
[INFO ] 2023-02-27 14:05:32 [main] LexicalMatcherImpl - Finish extracting mappings from complete concepts!
[INFO ] 2023-02-27 14:05:32 [main] LexicalMatcherImpl - Finish analysis!
[INFO ] 2023-02-27 14:15:17 [main] ModelStorage - Filename: FCA/src/test/resources/metadata5/metadata5.owl
# Instances:       19, # Categories:        0, # OntProperties:        0, # DataTypeProperties:        0, # ObjectProperties:        0, # OntClasses:        3.
[INFO ] 2023-02-27 14:15:17 [main] ModelStorage - Filename: FCA/src/test/resources/metadata5/wrong5.owl
# Instances:       12, # Categories:        0, # OntProperties:        0, # DataTypeProperties:        0, # ObjectProperties:        0, # OntClasses:        2.
[INFO ] 2023-02-27 14:15:17 [main] LexicalMatcherImpl - <<<<<<< Start matching class >>>>>>>
[INFO ] 2023-02-27 14:15:17 [main] LexicalMatcherImpl - Init Formal Concept Analysis Builder...
[INFO ] 2023-02-27 14:15:17 [main] LexicalMatcherImpl - Start formal concept analysis...
[INFO ] 2023-02-27 14:15:17 [main] LexicalMatcherImpl - Start getting simplified concepts (Size of object: [1, -1], Size of attribute: [0, -1])...
[INFO ] 2023-02-27 14:15:17 [main] LexicalMatcherImpl - Finish getting simplified concepts!
[INFO ] 2023-02-27 14:15:17 [main] LexicalMatcherImpl - Finish extracting mappings from simplified concepts!
[INFO ] 2023-02-27 14:15:17 [main] LexicalMatcherImpl - Start building complete concepts (Size of object: [2. 2], Size of attribute: [1, -1])...
[INFO ] 2023-02-27 14:15:17 [main] LexicalMatcherImpl - Finish building complete concepts!
[INFO ] 2023-02-27 14:15:17 [main] LexicalMatcherImpl - Finish extracting mappings from complete concepts!
[INFO ] 2023-02-27 14:15:17 [main] LexicalMatcherImpl - Finish analysis!
[INFO ] 2023-02-27 14:18:50 [main] ModelStorage - Filename: FCA/src/test/resources/metadata5/metadata5.owl
# Instances:       19, # Categories:        0, # OntProperties:        0, # DataTypeProperties:        0, # ObjectProperties:        0, # OntClasses:        3.
[INFO ] 2023-02-27 14:18:50 [main] ModelStorage - Filename: FCA/src/test/resources/metadata5/wrong5.owl
# Instances:       12, # Categories:        0, # OntProperties:        0, # DataTypeProperties:        0, # ObjectProperties:        0, # OntClasses:        2.
[INFO ] 2023-02-27 14:18:50 [main] LexicalMatcherImpl - <<<<<<< Start matching class >>>>>>>
[INFO ] 2023-02-27 14:18:50 [main] LexicalMatcherImpl - Init Formal Concept Analysis Builder...
[INFO ] 2023-02-27 14:18:50 [main] LexicalMatcherImpl - Start formal concept analysis...
[INFO ] 2023-02-27 14:18:50 [main] LexicalMatcherImpl - Start getting simplified concepts (Size of object: [1, -1], Size of attribute: [0, -1])...
[INFO ] 2023-02-27 14:18:50 [main] LexicalMatcherImpl - Finish getting simplified concepts!
[INFO ] 2023-02-27 14:18:50 [main] LexicalMatcherImpl - Finish extracting mappings from simplified concepts!
[INFO ] 2023-02-27 14:18:50 [main] LexicalMatcherImpl - Start building complete concepts (Size of object: [2. 2], Size of attribute: [1, -1])...
[INFO ] 2023-02-27 14:18:50 [main] LexicalMatcherImpl - Finish building complete concepts!
[INFO ] 2023-02-27 14:18:50 [main] LexicalMatcherImpl - Finish extracting mappings from complete concepts!
[INFO ] 2023-02-27 14:18:50 [main] LexicalMatcherImpl - Finish analysis!
[INFO ] 2023-02-27 14:24:20 [main] ModelStorage - Filename: FCA/src/test/resources/metadata5/metadata5.owl
# Instances:       19, # Categories:        0, # OntProperties:        0, # DataTypeProperties:        0, # ObjectProperties:        0, # OntClasses:        3.
[INFO ] 2023-02-27 14:24:20 [main] ModelStorage - Filename: FCA/src/test/resources/metadata5/wrong5.owl
# Instances:       12, # Categories:        0, # OntProperties:        0, # DataTypeProperties:        0, # ObjectProperties:        0, # OntClasses:        2.
[INFO ] 2023-02-27 14:24:20 [main] LexicalMatcherImpl - <<<<<<< Start matching class >>>>>>>
[INFO ] 2023-02-27 14:24:20 [main] LexicalMatcherImpl - Init Formal Concept Analysis Builder...
[INFO ] 2023-02-27 14:24:20 [main] LexicalMatcherImpl - Start formal concept analysis...
[INFO ] 2023-02-27 14:24:20 [main] LexicalMatcherImpl - Start getting simplified concepts (Size of object: [1, -1], Size of attribute: [0, -1])...
[INFO ] 2023-02-27 14:24:20 [main] LexicalMatcherImpl - Finish getting simplified concepts!
[INFO ] 2023-02-27 14:24:20 [main] LexicalMatcherImpl - Finish extracting mappings from simplified concepts!
[INFO ] 2023-02-27 14:24:20 [main] LexicalMatcherImpl - Start building complete concepts (Size of object: [2. 2], Size of attribute: [1, -1])...
[INFO ] 2023-02-27 14:24:20 [main] LexicalMatcherImpl - Finish building complete concepts!
[INFO ] 2023-02-27 14:24:20 [main] LexicalMatcherImpl - Finish extracting mappings from complete concepts!
[INFO ] 2023-02-27 14:24:20 [main] LexicalMatcherImpl - Finish analysis!
[INFO ] 2023-02-27 14:24:20 [main] LexicalMatcherImpl - <<<<<<< Start matching object property >>>>>>>
[INFO ] 2023-02-27 14:24:20 [main] LexicalMatcherImpl - Init Formal Concept Analysis Builder...
[INFO ] 2023-02-27 14:24:20 [main] LexicalMatcherImpl - Start formal concept analysis...
[INFO ] 2023-02-27 14:24:20 [main] LexicalMatcherImpl - Start getting simplified concepts (Size of object: [1, -1], Size of attribute: [0, -1])...
[INFO ] 2023-02-27 14:24:20 [main] LexicalMatcherImpl - Finish getting simplified concepts!
[INFO ] 2023-02-27 14:24:20 [main] LexicalMatcherImpl - Finish extracting mappings from simplified concepts!
[INFO ] 2023-02-27 14:24:20 [main] LexicalMatcherImpl - Start building complete concepts (Size of object: [2. 2], Size of attribute: [1, -1])...
[INFO ] 2023-02-27 14:24:20 [main] LexicalMatcherImpl - Finish building complete concepts!
[INFO ] 2023-02-27 14:24:20 [main] LexicalMatcherImpl - Finish extracting mappings from complete concepts!
[INFO ] 2023-02-27 14:24:20 [main] LexicalMatcherImpl - Finish analysis!
[INFO ] 2023-02-27 14:24:20 [main] StructuralMatcherImpl - <<<<<<< Start matching class >>>>>>>
[INFO ] 2023-02-27 14:24:20 [main] StructuralMatcherImpl - Init Formal Concept Analysis Builder...
[INFO ] 2023-02-27 14:24:20 [main] StructuralMatcherImpl - Start formal concept analysis...
[INFO ] 2023-02-27 14:24:20 [main] StructuralMatcherImpl - Start getting simplified concepts (Size of object: [2, 2], Size of attribute: [0, -1])...
[INFO ] 2023-02-27 14:24:20 [main] StructuralMatcherImpl - Finish getting simplified concepts!
[INFO ] 2023-02-27 14:24:20 [main] StructuralMatcherImpl - Finish extracting mappings from simplified concepts!
[INFO ] 2023-02-27 14:24:20 [main] StructuralMatcherImpl - Start building complete concepts (Size of object: [2, 2], Size of attribute: [1, -1])...
[INFO ] 2023-02-27 14:24:20 [main] StructuralMatcherImpl - Finish building complete concepts!
[INFO ] 2023-02-27 14:24:20 [main] StructuralMatcherImpl - Finish extracting mappings from complete concepts!
[INFO ] 2023-02-27 14:24:20 [main] StructuralMatcherImpl - Finish analysis!
[INFO ] 2023-02-27 14:26:02 [main] ModelStorage - Filename: FCA/src/test/resources/metadata4/metadata4.owl
# Instances:        0, # Categories:        0, # OntProperties:        0, # DataTypeProperties:        0, # ObjectProperties:        0, # OntClasses:       22.
[INFO ] 2023-02-27 14:26:02 [main] ModelStorage - Filename: FCA/src/test/resources/metadata4/wrong4.owl
# Instances:        0, # Categories:        0, # OntProperties:        0, # DataTypeProperties:        0, # ObjectProperties:        0, # OntClasses:       14.
[INFO ] 2023-02-27 14:26:02 [main] LexicalMatcherImpl - <<<<<<< Start matching class >>>>>>>
[INFO ] 2023-02-27 14:26:02 [main] LexicalMatcherImpl - Init Formal Concept Analysis Builder...
[INFO ] 2023-02-27 14:26:02 [main] LexicalMatcherImpl - Start formal concept analysis...
[INFO ] 2023-02-27 14:26:02 [main] LexicalMatcherImpl - Start getting simplified concepts (Size of object: [1, -1], Size of attribute: [0, -1])...
[INFO ] 2023-02-27 14:26:02 [main] LexicalMatcherImpl - Finish getting simplified concepts!
[INFO ] 2023-02-27 14:26:02 [main] LexicalMatcherImpl - Finish extracting mappings from simplified concepts!
[INFO ] 2023-02-27 14:26:02 [main] LexicalMatcherImpl - Start building complete concepts (Size of object: [2. 2], Size of attribute: [1, -1])...
[INFO ] 2023-02-27 14:26:02 [main] LexicalMatcherImpl - Finish building complete concepts!
[INFO ] 2023-02-27 14:26:02 [main] LexicalMatcherImpl - Finish extracting mappings from complete concepts!
[INFO ] 2023-02-27 14:26:02 [main] LexicalMatcherImpl - Finish analysis!
[INFO ] 2023-02-27 14:26:02 [main] LexicalMatcherImpl - <<<<<<< Start matching object property >>>>>>>
[INFO ] 2023-02-27 14:26:02 [main] LexicalMatcherImpl - Init Formal Concept Analysis Builder...
[INFO ] 2023-02-27 14:26:02 [main] LexicalMatcherImpl - Start formal concept analysis...
[INFO ] 2023-02-27 14:26:02 [main] LexicalMatcherImpl - Start getting simplified concepts (Size of object: [1, -1], Size of attribute: [0, -1])...
[INFO ] 2023-02-27 14:26:02 [main] LexicalMatcherImpl - Finish getting simplified concepts!
[INFO ] 2023-02-27 14:26:02 [main] LexicalMatcherImpl - Finish extracting mappings from simplified concepts!
[INFO ] 2023-02-27 14:26:02 [main] LexicalMatcherImpl - Start building complete concepts (Size of object: [2. 2], Size of attribute: [1, -1])...
[INFO ] 2023-02-27 14:26:02 [main] LexicalMatcherImpl - Finish building complete concepts!
[INFO ] 2023-02-27 14:26:02 [main] LexicalMatcherImpl - Finish extracting mappings from complete concepts!
[INFO ] 2023-02-27 14:26:02 [main] LexicalMatcherImpl - Finish analysis!
[INFO ] 2023-02-27 14:26:02 [main] StructuralMatcherImpl - <<<<<<< Start matching class >>>>>>>
[INFO ] 2023-02-27 14:26:02 [main] StructuralMatcherImpl - Init Formal Concept Analysis Builder...
[INFO ] 2023-02-27 14:26:02 [main] StructuralMatcherImpl - Start formal concept analysis...
[INFO ] 2023-02-27 14:26:02 [main] StructuralMatcherImpl - Start getting simplified concepts (Size of object: [2, 2], Size of attribute: [0, -1])...
[INFO ] 2023-02-27 14:26:02 [main] StructuralMatcherImpl - Finish getting simplified concepts!
[INFO ] 2023-02-27 14:26:02 [main] StructuralMatcherImpl - Finish extracting mappings from simplified concepts!
[INFO ] 2023-02-27 14:26:02 [main] StructuralMatcherImpl - Start building complete concepts (Size of object: [2, 2], Size of attribute: [1, -1])...
[INFO ] 2023-02-27 14:26:02 [main] StructuralMatcherImpl - Finish building complete concepts!
[INFO ] 2023-02-27 14:26:02 [main] StructuralMatcherImpl - Finish extracting mappings from complete concepts!
[INFO ] 2023-02-27 14:26:02 [main] StructuralMatcherImpl - Finish analysis!
[INFO ] 2023-02-27 14:31:42 [main] ModelStorage - Filename: FCA/src/test/resources/metadata4/metadata4.owl
# Instances:        0, # Categories:        0, # OntProperties:        0, # DataTypeProperties:        0, # ObjectProperties:        0, # OntClasses:       22.
[INFO ] 2023-02-27 14:31:42 [main] ModelStorage - Filename: FCA/src/test/resources/metadata4/wrong4.owl
# Instances:        0, # Categories:        0, # OntProperties:        0, # DataTypeProperties:        0, # ObjectProperties:        0, # OntClasses:       14.
[INFO ] 2023-02-27 14:31:42 [main] LexicalMatcherImpl - <<<<<<< Start matching class >>>>>>>
[INFO ] 2023-02-27 14:31:42 [main] LexicalMatcherImpl - Init Formal Concept Analysis Builder...
[INFO ] 2023-02-27 14:31:42 [main] LexicalMatcherImpl - Start formal concept analysis...
[INFO ] 2023-02-27 14:31:42 [main] LexicalMatcherImpl - Start getting simplified concepts (Size of object: [1, -1], Size of attribute: [0, -1])...
[INFO ] 2023-02-27 14:31:42 [main] LexicalMatcherImpl - Finish getting simplified concepts!
[INFO ] 2023-02-27 14:31:42 [main] LexicalMatcherImpl - Finish extracting mappings from simplified concepts!
[INFO ] 2023-02-27 14:31:42 [main] LexicalMatcherImpl - Start building complete concepts (Size of object: [2. 2], Size of attribute: [1, -1])...
[INFO ] 2023-02-27 14:31:42 [main] LexicalMatcherImpl - Finish building complete concepts!
[INFO ] 2023-02-27 14:31:42 [main] LexicalMatcherImpl - Finish extracting mappings from complete concepts!
[INFO ] 2023-02-27 14:31:42 [main] LexicalMatcherImpl - Finish analysis!
[INFO ] 2023-02-27 14:32:35 [main] LexicalMatcherImpl - <<<<<<< Start matching object property >>>>>>>
[INFO ] 2023-02-27 14:32:35 [main] LexicalMatcherImpl - Init Formal Concept Analysis Builder...
[INFO ] 2023-02-27 14:32:35 [main] LexicalMatcherImpl - Start formal concept analysis...
[INFO ] 2023-02-27 14:32:35 [main] LexicalMatcherImpl - Start getting simplified concepts (Size of object: [1, -1], Size of attribute: [0, -1])...
[INFO ] 2023-02-27 14:32:35 [main] LexicalMatcherImpl - Finish getting simplified concepts!
[INFO ] 2023-02-27 14:32:35 [main] LexicalMatcherImpl - Finish extracting mappings from simplified concepts!
[INFO ] 2023-02-27 14:32:35 [main] LexicalMatcherImpl - Start building complete concepts (Size of object: [2. 2], Size of attribute: [1, -1])...
[INFO ] 2023-02-27 14:32:35 [main] LexicalMatcherImpl - Finish building complete concepts!
[INFO ] 2023-02-27 14:32:35 [main] LexicalMatcherImpl - Finish extracting mappings from complete concepts!
[INFO ] 2023-02-27 14:32:35 [main] LexicalMatcherImpl - Finish analysis!
[INFO ] 2023-02-27 14:32:35 [main] StructuralMatcherImpl - <<<<<<< Start matching class >>>>>>>
[INFO ] 2023-02-27 14:32:35 [main] StructuralMatcherImpl - Init Formal Concept Analysis Builder...
[INFO ] 2023-02-27 14:32:35 [main] StructuralMatcherImpl - Start formal concept analysis...
[INFO ] 2023-02-27 14:32:35 [main] StructuralMatcherImpl - Start getting simplified concepts (Size of object: [2, 2], Size of attribute: [0, -1])...
[INFO ] 2023-02-27 14:32:35 [main] StructuralMatcherImpl - Finish getting simplified concepts!
[INFO ] 2023-02-27 14:32:35 [main] StructuralMatcherImpl - Finish extracting mappings from simplified concepts!
[INFO ] 2023-02-27 14:32:35 [main] StructuralMatcherImpl - Start building complete concepts (Size of object: [2, 2], Size of attribute: [1, -1])...
[INFO ] 2023-02-27 14:32:35 [main] StructuralMatcherImpl - Finish building complete concepts!
[INFO ] 2023-02-27 14:32:35 [main] StructuralMatcherImpl - Finish extracting mappings from complete concepts!
[INFO ] 2023-02-27 14:32:35 [main] StructuralMatcherImpl - Finish analysis!
[INFO ] 2023-02-27 14:32:50 [main] ModelStorage - Filename: FCA/src/test/resources/metadata4/metadata4.owl
# Instances:        0, # Categories:        0, # OntProperties:        0, # DataTypeProperties:        0, # ObjectProperties:        0, # OntClasses:       22.
[INFO ] 2023-02-27 14:32:50 [main] ModelStorage - Filename: FCA/src/test/resources/metadata4/wrong4.owl
# Instances:        0, # Categories:        0, # OntProperties:        0, # DataTypeProperties:        0, # ObjectProperties:        0, # OntClasses:       14.
[INFO ] 2023-02-27 14:32:50 [main] LexicalMatcherImpl - <<<<<<< Start matching class >>>>>>>
[INFO ] 2023-02-27 14:32:50 [main] LexicalMatcherImpl - Init Formal Concept Analysis Builder...
[INFO ] 2023-02-27 14:32:50 [main] LexicalMatcherImpl - Start formal concept analysis...
[INFO ] 2023-02-27 14:32:50 [main] LexicalMatcherImpl - Start getting simplified concepts (Size of object: [1, -1], Size of attribute: [0, -1])...
[INFO ] 2023-02-27 14:32:50 [main] LexicalMatcherImpl - Finish getting simplified concepts!
[INFO ] 2023-02-27 14:32:50 [main] LexicalMatcherImpl - Finish extracting mappings from simplified concepts!
[INFO ] 2023-02-27 14:32:50 [main] LexicalMatcherImpl - Start building complete concepts (Size of object: [2. 2], Size of attribute: [1, -1])...
[INFO ] 2023-02-27 14:32:50 [main] LexicalMatcherImpl - Finish building complete concepts!
[INFO ] 2023-02-27 14:32:50 [main] LexicalMatcherImpl - Finish extracting mappings from complete concepts!
[INFO ] 2023-02-27 14:32:50 [main] LexicalMatcherImpl - Finish analysis!
[INFO ] 2023-02-27 14:32:50 [main] LexicalMatcherImpl - <<<<<<< Start matching object property >>>>>>>
[INFO ] 2023-02-27 14:32:50 [main] LexicalMatcherImpl - Init Formal Concept Analysis Builder...
[INFO ] 2023-02-27 14:32:50 [main] LexicalMatcherImpl - Start formal concept analysis...
[INFO ] 2023-02-27 14:32:50 [main] LexicalMatcherImpl - Start getting simplified concepts (Size of object: [1, -1], Size of attribute: [0, -1])...
[INFO ] 2023-02-27 14:32:50 [main] LexicalMatcherImpl - Finish getting simplified concepts!
[INFO ] 2023-02-27 14:32:50 [main] LexicalMatcherImpl - Finish extracting mappings from simplified concepts!
[INFO ] 2023-02-27 14:32:50 [main] LexicalMatcherImpl - Start building complete concepts (Size of object: [2. 2], Size of attribute: [1, -1])...
[INFO ] 2023-02-27 14:32:50 [main] LexicalMatcherImpl - Finish building complete concepts!
[INFO ] 2023-02-27 14:32:50 [main] LexicalMatcherImpl - Finish extracting mappings from complete concepts!
[INFO ] 2023-02-27 14:32:50 [main] LexicalMatcherImpl - Finish analysis!
[INFO ] 2023-02-27 14:33:22 [main] StructuralMatcherImpl - <<<<<<< Start matching class >>>>>>>
[INFO ] 2023-02-27 14:33:22 [main] StructuralMatcherImpl - Init Formal Concept Analysis Builder...
[INFO ] 2023-02-27 14:33:22 [main] StructuralMatcherImpl - Start formal concept analysis...
[INFO ] 2023-02-27 14:33:22 [main] StructuralMatcherImpl - Start getting simplified concepts (Size of object: [2, 2], Size of attribute: [0, -1])...
[INFO ] 2023-02-27 14:33:22 [main] StructuralMatcherImpl - Finish getting simplified concepts!
[INFO ] 2023-02-27 14:33:22 [main] StructuralMatcherImpl - Finish extracting mappings from simplified concepts!
[INFO ] 2023-02-27 14:33:22 [main] StructuralMatcherImpl - Start building complete concepts (Size of object: [2, 2], Size of attribute: [1, -1])...
[INFO ] 2023-02-27 14:33:22 [main] StructuralMatcherImpl - Finish building complete concepts!
[INFO ] 2023-02-27 14:33:22 [main] StructuralMatcherImpl - Finish extracting mappings from complete concepts!
[INFO ] 2023-02-27 14:33:22 [main] StructuralMatcherImpl - Finish analysis!
[INFO ] 2023-02-27 14:39:14 [main] ModelStorage - Filename: FCA/src/test/resources/metadata4/metadata4.owl
# Instances:        0, # Categories:        0, # OntProperties:        0, # DataTypeProperties:        0, # ObjectProperties:        0, # OntClasses:       22.
[INFO ] 2023-02-27 14:39:14 [main] ModelStorage - Filename: FCA/src/test/resources/metadata4/wrong4.owl
# Instances:        0, # Categories:        0, # OntProperties:        0, # DataTypeProperties:        0, # ObjectProperties:        0, # OntClasses:       14.
[INFO ] 2023-02-27 14:39:14 [main] LexicalMatcherImpl - <<<<<<< Start matching class >>>>>>>
[INFO ] 2023-02-27 14:39:14 [main] LexicalMatcherImpl - Init Formal Concept Analysis Builder...
[INFO ] 2023-02-27 14:39:14 [main] LexicalMatcherImpl - Start formal concept analysis...
[INFO ] 2023-02-27 14:39:14 [main] LexicalMatcherImpl - Start getting simplified concepts (Size of object: [1, -1], Size of attribute: [0, -1])...
[INFO ] 2023-02-27 14:39:14 [main] LexicalMatcherImpl - Finish getting simplified concepts!
[INFO ] 2023-02-27 14:39:14 [main] LexicalMatcherImpl - Finish extracting mappings from simplified concepts!
[INFO ] 2023-02-27 14:39:14 [main] LexicalMatcherImpl - Start building complete concepts (Size of object: [2. 2], Size of attribute: [1, -1])...
[INFO ] 2023-02-27 14:39:14 [main] LexicalMatcherImpl - Finish building complete concepts!
[INFO ] 2023-02-27 14:39:14 [main] LexicalMatcherImpl - Finish extracting mappings from complete concepts!
[INFO ] 2023-02-27 14:39:14 [main] LexicalMatcherImpl - Finish analysis!
[INFO ] 2023-02-27 14:39:14 [main] LexicalMatcherImpl - <<<<<<< Start matching object property >>>>>>>
[INFO ] 2023-02-27 14:39:14 [main] LexicalMatcherImpl - Init Formal Concept Analysis Builder...
[INFO ] 2023-02-27 14:39:14 [main] LexicalMatcherImpl - Start formal concept analysis...
[INFO ] 2023-02-27 14:39:14 [main] LexicalMatcherImpl - Start getting simplified concepts (Size of object: [1, -1], Size of attribute: [0, -1])...
[INFO ] 2023-02-27 14:39:14 [main] LexicalMatcherImpl - Finish getting simplified concepts!
[INFO ] 2023-02-27 14:39:14 [main] LexicalMatcherImpl - Finish extracting mappings from simplified concepts!
[INFO ] 2023-02-27 14:39:14 [main] LexicalMatcherImpl - Start building complete concepts (Size of object: [2. 2], Size of attribute: [1, -1])...
[INFO ] 2023-02-27 14:39:14 [main] LexicalMatcherImpl - Finish building complete concepts!
[INFO ] 2023-02-27 14:39:14 [main] LexicalMatcherImpl - Finish extracting mappings from complete concepts!
[INFO ] 2023-02-27 14:39:14 [main] LexicalMatcherImpl - Finish analysis!
[INFO ] 2023-02-27 14:39:26 [main] StructuralMatcherImpl - <<<<<<< Start matching class >>>>>>>
[INFO ] 2023-02-27 14:39:26 [main] StructuralMatcherImpl - Init Formal Concept Analysis Builder...
[INFO ] 2023-02-27 14:39:26 [main] StructuralMatcherImpl - Start formal concept analysis...
[INFO ] 2023-02-27 14:39:26 [main] StructuralMatcherImpl - Start getting simplified concepts (Size of object: [2, 2], Size of attribute: [0, -1])...
[INFO ] 2023-02-27 14:39:26 [main] StructuralMatcherImpl - Finish getting simplified concepts!
[INFO ] 2023-02-27 14:39:26 [main] StructuralMatcherImpl - Finish extracting mappings from simplified concepts!
[INFO ] 2023-02-27 14:39:26 [main] StructuralMatcherImpl - Start building complete concepts (Size of object: [2, 2], Size of attribute: [1, -1])...
[INFO ] 2023-02-27 14:39:26 [main] StructuralMatcherImpl - Finish building complete concepts!
[INFO ] 2023-02-27 14:39:26 [main] StructuralMatcherImpl - Finish extracting mappings from complete concepts!
[INFO ] 2023-02-27 14:39:26 [main] StructuralMatcherImpl - Finish analysis!
[INFO ] 2023-02-27 14:40:50 [main] ModelStorage - Filename: FCA/src/test/resources/metadata4/metadata4.owl
# Instances:        0, # Categories:        0, # OntProperties:        0, # DataTypeProperties:        0, # ObjectProperties:        0, # OntClasses:       22.
[INFO ] 2023-02-27 14:40:50 [main] ModelStorage - Filename: FCA/src/test/resources/metadata4/wrong4.owl
# Instances:        0, # Categories:        0, # OntProperties:        0, # DataTypeProperties:        0, # ObjectProperties:        0, # OntClasses:       14.
[INFO ] 2023-02-27 14:40:50 [main] LexicalMatcherImpl - <<<<<<< Start matching class >>>>>>>
[INFO ] 2023-02-27 14:40:50 [main] LexicalMatcherImpl - Init Formal Concept Analysis Builder...
[INFO ] 2023-02-27 14:40:50 [main] LexicalMatcherImpl - Start formal concept analysis...
[INFO ] 2023-02-27 14:40:50 [main] LexicalMatcherImpl - Start getting simplified concepts (Size of object: [1, -1], Size of attribute: [0, -1])...
[INFO ] 2023-02-27 14:40:50 [main] LexicalMatcherImpl - Finish getting simplified concepts!
[INFO ] 2023-02-27 14:40:50 [main] LexicalMatcherImpl - Finish extracting mappings from simplified concepts!
[INFO ] 2023-02-27 14:40:50 [main] LexicalMatcherImpl - Start building complete concepts (Size of object: [2. 2], Size of attribute: [1, -1])...
[INFO ] 2023-02-27 14:40:50 [main] LexicalMatcherImpl - Finish building complete concepts!
[INFO ] 2023-02-27 14:40:50 [main] LexicalMatcherImpl - Finish extracting mappings from complete concepts!
[INFO ] 2023-02-27 14:40:50 [main] LexicalMatcherImpl - Finish analysis!
[INFO ] 2023-02-27 14:40:50 [main] LexicalMatcherImpl - <<<<<<< Start matching object property >>>>>>>
[INFO ] 2023-02-27 14:40:50 [main] LexicalMatcherImpl - Init Formal Concept Analysis Builder...
[INFO ] 2023-02-27 14:40:50 [main] LexicalMatcherImpl - Start formal concept analysis...
[INFO ] 2023-02-27 14:40:50 [main] LexicalMatcherImpl - Start getting simplified concepts (Size of object: [1, -1], Size of attribute: [0, -1])...
[INFO ] 2023-02-27 14:40:50 [main] LexicalMatcherImpl - Finish getting simplified concepts!
[INFO ] 2023-02-27 14:40:50 [main] LexicalMatcherImpl - Finish extracting mappings from simplified concepts!
[INFO ] 2023-02-27 14:40:50 [main] LexicalMatcherImpl - Start building complete concepts (Size of object: [2. 2], Size of attribute: [1, -1])...
[INFO ] 2023-02-27 14:40:50 [main] LexicalMatcherImpl - Finish building complete concepts!
[INFO ] 2023-02-27 14:40:50 [main] LexicalMatcherImpl - Finish extracting mappings from complete concepts!
[INFO ] 2023-02-27 14:40:50 [main] LexicalMatcherImpl - Finish analysis!
[INFO ] 2023-02-27 14:42:23 [main] StructuralMatcherImpl - <<<<<<< Start matching class >>>>>>>
[INFO ] 2023-02-27 14:42:23 [main] StructuralMatcherImpl - Init Formal Concept Analysis Builder...
[INFO ] 2023-02-27 14:42:23 [main] StructuralMatcherImpl - Start formal concept analysis...
[INFO ] 2023-02-27 14:42:23 [main] StructuralMatcherImpl - Start getting simplified concepts (Size of object: [2, 2], Size of attribute: [0, -1])...
[INFO ] 2023-02-27 14:42:23 [main] StructuralMatcherImpl - Finish getting simplified concepts!
[INFO ] 2023-02-27 14:42:23 [main] StructuralMatcherImpl - Finish extracting mappings from simplified concepts!
[INFO ] 2023-02-27 14:42:23 [main] StructuralMatcherImpl - Start building complete concepts (Size of object: [2, 2], Size of attribute: [1, -1])...
[INFO ] 2023-02-27 14:42:23 [main] StructuralMatcherImpl - Finish building complete concepts!
[INFO ] 2023-02-27 14:42:23 [main] StructuralMatcherImpl - Finish extracting mappings from complete concepts!
[INFO ] 2023-02-27 14:42:23 [main] StructuralMatcherImpl - Finish analysis!
[INFO ] 2023-02-27 14:42:29 [main] ModelStorage - Filename: FCA/src/test/resources/metadata4/metadata4.owl
# Instances:        0, # Categories:        0, # OntProperties:        0, # DataTypeProperties:        0, # ObjectProperties:        0, # OntClasses:       22.
[INFO ] 2023-02-27 14:42:29 [main] ModelStorage - Filename: FCA/src/test/resources/metadata4/wrong4.owl
# Instances:        0, # Categories:        0, # OntProperties:        0, # DataTypeProperties:        0, # ObjectProperties:        0, # OntClasses:       14.
[INFO ] 2023-02-27 14:42:29 [main] LexicalMatcherImpl - <<<<<<< Start matching class >>>>>>>
[INFO ] 2023-02-27 14:42:29 [main] LexicalMatcherImpl - Init Formal Concept Analysis Builder...
[INFO ] 2023-02-27 14:42:29 [main] LexicalMatcherImpl - Start formal concept analysis...
[INFO ] 2023-02-27 14:42:29 [main] LexicalMatcherImpl - Start getting simplified concepts (Size of object: [1, -1], Size of attribute: [0, -1])...
[INFO ] 2023-02-27 14:42:29 [main] LexicalMatcherImpl - Finish getting simplified concepts!
[INFO ] 2023-02-27 14:42:29 [main] LexicalMatcherImpl - Finish extracting mappings from simplified concepts!
[INFO ] 2023-02-27 14:42:29 [main] LexicalMatcherImpl - Start building complete concepts (Size of object: [2. 2], Size of attribute: [1, -1])...
[INFO ] 2023-02-27 14:42:29 [main] LexicalMatcherImpl - Finish building complete concepts!
[INFO ] 2023-02-27 14:42:29 [main] LexicalMatcherImpl - Finish extracting mappings from complete concepts!
[INFO ] 2023-02-27 14:42:29 [main] LexicalMatcherImpl - Finish analysis!
[INFO ] 2023-02-27 14:42:29 [main] LexicalMatcherImpl - <<<<<<< Start matching object property >>>>>>>
[INFO ] 2023-02-27 14:42:29 [main] LexicalMatcherImpl - Init Formal Concept Analysis Builder...
[INFO ] 2023-02-27 14:42:29 [main] LexicalMatcherImpl - Start formal concept analysis...
[INFO ] 2023-02-27 14:42:29 [main] LexicalMatcherImpl - Start getting simplified concepts (Size of object: [1, -1], Size of attribute: [0, -1])...
[INFO ] 2023-02-27 14:42:29 [main] LexicalMatcherImpl - Finish getting simplified concepts!
[INFO ] 2023-02-27 14:42:29 [main] LexicalMatcherImpl - Finish extracting mappings from simplified concepts!
[INFO ] 2023-02-27 14:42:29 [main] LexicalMatcherImpl - Start building complete concepts (Size of object: [2. 2], Size of attribute: [1, -1])...
[INFO ] 2023-02-27 14:42:29 [main] LexicalMatcherImpl - Finish building complete concepts!
[INFO ] 2023-02-27 14:42:29 [main] LexicalMatcherImpl - Finish extracting mappings from complete concepts!
[INFO ] 2023-02-27 14:42:29 [main] LexicalMatcherImpl - Finish analysis!
[INFO ] 2023-02-27 14:42:42 [main] StructuralMatcherImpl - <<<<<<< Start matching class >>>>>>>
[INFO ] 2023-02-27 14:42:42 [main] StructuralMatcherImpl - Init Formal Concept Analysis Builder...
[INFO ] 2023-02-27 14:42:42 [main] StructuralMatcherImpl - Start formal concept analysis...
[INFO ] 2023-02-27 14:42:42 [main] StructuralMatcherImpl - Start getting simplified concepts (Size of object: [2, 2], Size of attribute: [0, -1])...
[INFO ] 2023-02-27 14:42:42 [main] StructuralMatcherImpl - Finish getting simplified concepts!
[INFO ] 2023-02-27 14:42:42 [main] StructuralMatcherImpl - Finish extracting mappings from simplified concepts!
[INFO ] 2023-02-27 14:42:42 [main] StructuralMatcherImpl - Start building complete concepts (Size of object: [2, 2], Size of attribute: [1, -1])...
[INFO ] 2023-02-27 14:42:42 [main] StructuralMatcherImpl - Finish building complete concepts!
[INFO ] 2023-02-27 14:42:42 [main] StructuralMatcherImpl - Finish extracting mappings from complete concepts!
[INFO ] 2023-02-27 14:42:42 [main] StructuralMatcherImpl - Finish analysis!
[INFO ] 2023-02-27 14:44:51 [main] ModelStorage - Filename: FCA/src/test/resources/metadata4/metadata4.owl
# Instances:        0, # Categories:        0, # OntProperties:        0, # DataTypeProperties:        0, # ObjectProperties:        0, # OntClasses:       22.
[INFO ] 2023-02-27 14:44:51 [main] ModelStorage - Filename: FCA/src/test/resources/metadata4/wrong4.owl
# Instances:        0, # Categories:        0, # OntProperties:        0, # DataTypeProperties:        0, # ObjectProperties:        0, # OntClasses:       14.
[INFO ] 2023-02-27 14:44:51 [main] LexicalMatcherImpl - <<<<<<< Start matching class >>>>>>>
[INFO ] 2023-02-27 14:44:51 [main] LexicalMatcherImpl - Init Formal Concept Analysis Builder...
[INFO ] 2023-02-27 14:44:51 [main] LexicalMatcherImpl - Start formal concept analysis...
[INFO ] 2023-02-27 14:44:51 [main] LexicalMatcherImpl - Start getting simplified concepts (Size of object: [1, -1], Size of attribute: [0, -1])...
[INFO ] 2023-02-27 14:44:51 [main] LexicalMatcherImpl - Finish getting simplified concepts!
[INFO ] 2023-02-27 14:44:51 [main] LexicalMatcherImpl - Finish extracting mappings from simplified concepts!
[INFO ] 2023-02-27 14:44:51 [main] LexicalMatcherImpl - Start building complete concepts (Size of object: [2. 2], Size of attribute: [1, -1])...
[INFO ] 2023-02-27 14:44:51 [main] LexicalMatcherImpl - Finish building complete concepts!
[INFO ] 2023-02-27 14:44:51 [main] LexicalMatcherImpl - Finish extracting mappings from complete concepts!
[INFO ] 2023-02-27 14:44:51 [main] LexicalMatcherImpl - Finish analysis!
[INFO ] 2023-02-27 14:44:51 [main] LexicalMatcherImpl - <<<<<<< Start matching object property >>>>>>>
[INFO ] 2023-02-27 14:44:51 [main] LexicalMatcherImpl - Init Formal Concept Analysis Builder...
[INFO ] 2023-02-27 14:44:51 [main] LexicalMatcherImpl - Start formal concept analysis...
[INFO ] 2023-02-27 14:44:51 [main] LexicalMatcherImpl - Start getting simplified concepts (Size of object: [1, -1], Size of attribute: [0, -1])...
[INFO ] 2023-02-27 14:44:51 [main] LexicalMatcherImpl - Finish getting simplified concepts!
[INFO ] 2023-02-27 14:44:51 [main] LexicalMatcherImpl - Finish extracting mappings from simplified concepts!
[INFO ] 2023-02-27 14:44:51 [main] LexicalMatcherImpl - Start building complete concepts (Size of object: [2. 2], Size of attribute: [1, -1])...
[INFO ] 2023-02-27 14:44:51 [main] LexicalMatcherImpl - Finish building complete concepts!
[INFO ] 2023-02-27 14:44:51 [main] LexicalMatcherImpl - Finish extracting mappings from complete concepts!
[INFO ] 2023-02-27 14:44:51 [main] LexicalMatcherImpl - Finish analysis!
[INFO ] 2023-02-27 14:46:36 [main] StructuralMatcherImpl - <<<<<<< Start matching class >>>>>>>
[INFO ] 2023-02-27 14:46:36 [main] StructuralMatcherImpl - Init Formal Concept Analysis Builder...
[INFO ] 2023-02-27 14:46:36 [main] StructuralMatcherImpl - Start formal concept analysis...
[INFO ] 2023-02-27 14:46:36 [main] StructuralMatcherImpl - Start getting simplified concepts (Size of object: [2, 2], Size of attribute: [0, -1])...
[INFO ] 2023-02-27 14:46:36 [main] StructuralMatcherImpl - Finish getting simplified concepts!
[INFO ] 2023-02-27 14:46:36 [main] StructuralMatcherImpl - Finish extracting mappings from simplified concepts!
[INFO ] 2023-02-27 14:46:36 [main] StructuralMatcherImpl - Start building complete concepts (Size of object: [2, 2], Size of attribute: [1, -1])...
[INFO ] 2023-02-27 14:46:36 [main] StructuralMatcherImpl - Finish building complete concepts!
[INFO ] 2023-02-27 14:46:36 [main] StructuralMatcherImpl - Finish extracting mappings from complete concepts!
[INFO ] 2023-02-27 14:46:36 [main] StructuralMatcherImpl - Finish analysis!
[INFO ] 2023-02-27 14:59:04 [main] ModelStorage - Filename: FCA/src/test/resources/metadata4/metadata4.owl
# Instances:        0, # Categories:        0, # OntProperties:        0, # DataTypeProperties:        0, # ObjectProperties:        0, # OntClasses:       22.
[INFO ] 2023-02-27 14:59:04 [main] ModelStorage - Filename: FCA/src/test/resources/metadata4/wrong4.owl
# Instances:        0, # Categories:        0, # OntProperties:        0, # DataTypeProperties:        0, # ObjectProperties:        0, # OntClasses:       14.
[INFO ] 2023-02-27 14:59:04 [main] LexicalMatcherImpl - <<<<<<< Start matching class >>>>>>>
[INFO ] 2023-02-27 14:59:04 [main] LexicalMatcherImpl - Init Formal Concept Analysis Builder...
[INFO ] 2023-02-27 14:59:04 [main] LexicalMatcherImpl - Start formal concept analysis...
[INFO ] 2023-02-27 14:59:04 [main] LexicalMatcherImpl - Start getting simplified concepts (Size of object: [1, -1], Size of attribute: [0, -1])...
[INFO ] 2023-02-27 14:59:04 [main] LexicalMatcherImpl - Finish getting simplified concepts!
[INFO ] 2023-02-27 14:59:04 [main] LexicalMatcherImpl - Finish extracting mappings from simplified concepts!
[INFO ] 2023-02-27 14:59:04 [main] LexicalMatcherImpl - Start building complete concepts (Size of object: [2. 2], Size of attribute: [1, -1])...
[INFO ] 2023-02-27 14:59:04 [main] LexicalMatcherImpl - Finish building complete concepts!
[INFO ] 2023-02-27 14:59:04 [main] LexicalMatcherImpl - Finish extracting mappings from complete concepts!
[INFO ] 2023-02-27 14:59:04 [main] LexicalMatcherImpl - Finish analysis!
[INFO ] 2023-02-27 14:59:04 [main] LexicalMatcherImpl - <<<<<<< Start matching object property >>>>>>>
[INFO ] 2023-02-27 14:59:04 [main] LexicalMatcherImpl - Init Formal Concept Analysis Builder...
[INFO ] 2023-02-27 14:59:04 [main] LexicalMatcherImpl - Start formal concept analysis...
[INFO ] 2023-02-27 14:59:04 [main] LexicalMatcherImpl - Start getting simplified concepts (Size of object: [1, -1], Size of attribute: [0, -1])...
[INFO ] 2023-02-27 14:59:04 [main] LexicalMatcherImpl - Finish getting simplified concepts!
[INFO ] 2023-02-27 14:59:04 [main] LexicalMatcherImpl - Finish extracting mappings from simplified concepts!
[INFO ] 2023-02-27 14:59:04 [main] LexicalMatcherImpl - Start building complete concepts (Size of object: [2. 2], Size of attribute: [1, -1])...
[INFO ] 2023-02-27 14:59:04 [main] LexicalMatcherImpl - Finish building complete concepts!
[INFO ] 2023-02-27 14:59:04 [main] LexicalMatcherImpl - Finish extracting mappings from complete concepts!
[INFO ] 2023-02-27 14:59:04 [main] LexicalMatcherImpl - Finish analysis!
[INFO ] 2023-02-27 14:59:42 [main] StructuralMatcherImpl - <<<<<<< Start matching class >>>>>>>
[INFO ] 2023-02-27 14:59:42 [main] StructuralMatcherImpl - Init Formal Concept Analysis Builder...
[INFO ] 2023-02-27 14:59:42 [main] StructuralMatcherImpl - Start formal concept analysis...
[INFO ] 2023-02-27 14:59:42 [main] StructuralMatcherImpl - Start getting simplified concepts (Size of object: [2, 2], Size of attribute: [0, -1])...
[INFO ] 2023-02-27 14:59:42 [main] StructuralMatcherImpl - Finish getting simplified concepts!
[INFO ] 2023-02-27 14:59:42 [main] StructuralMatcherImpl - Finish extracting mappings from simplified concepts!
[INFO ] 2023-02-27 14:59:42 [main] StructuralMatcherImpl - Start building complete concepts (Size of object: [2, 2], Size of attribute: [1, -1])...
[INFO ] 2023-02-27 14:59:42 [main] StructuralMatcherImpl - Finish building complete concepts!
[INFO ] 2023-02-27 14:59:42 [main] StructuralMatcherImpl - Finish extracting mappings from complete concepts!
[INFO ] 2023-02-27 14:59:42 [main] StructuralMatcherImpl - Finish analysis!
[INFO ] 2023-02-27 15:27:58 [main] ModelStorage - Filename: FCA/src/test/resources/metadata4/metadata4.owl
# Instances:        0, # Categories:        0, # OntProperties:        0, # DataTypeProperties:        0, # ObjectProperties:        0, # OntClasses:       22.
[INFO ] 2023-02-27 15:27:58 [main] ModelStorage - Filename: FCA/src/test/resources/metadata4/wrong4.owl
# Instances:        0, # Categories:        0, # OntProperties:        0, # DataTypeProperties:        0, # ObjectProperties:        0, # OntClasses:       14.
[INFO ] 2023-02-27 15:27:58 [main] LexicalMatcherImpl - <<<<<<< Start matching class >>>>>>>
[INFO ] 2023-02-27 15:27:58 [main] LexicalMatcherImpl - Init Formal Concept Analysis Builder...
[INFO ] 2023-02-27 15:27:58 [main] LexicalMatcherImpl - Start formal concept analysis...
[INFO ] 2023-02-27 15:27:58 [main] LexicalMatcherImpl - Start getting simplified concepts (Size of object: [1, -1], Size of attribute: [0, -1])...
[INFO ] 2023-02-27 15:27:58 [main] LexicalMatcherImpl - Finish getting simplified concepts!
[INFO ] 2023-02-27 15:27:58 [main] LexicalMatcherImpl - Finish extracting mappings from simplified concepts!
[INFO ] 2023-02-27 15:27:58 [main] LexicalMatcherImpl - Start building complete concepts (Size of object: [2. 2], Size of attribute: [1, -1])...
[INFO ] 2023-02-27 15:27:58 [main] LexicalMatcherImpl - Finish building complete concepts!
[INFO ] 2023-02-27 15:27:58 [main] LexicalMatcherImpl - Finish extracting mappings from complete concepts!
[INFO ] 2023-02-27 15:27:58 [main] LexicalMatcherImpl - Finish analysis!
[INFO ] 2023-02-27 15:27:58 [main] LexicalMatcherImpl - <<<<<<< Start matching object property >>>>>>>
[INFO ] 2023-02-27 15:27:58 [main] LexicalMatcherImpl - Init Formal Concept Analysis Builder...
[INFO ] 2023-02-27 15:27:58 [main] LexicalMatcherImpl - Start formal concept analysis...
[INFO ] 2023-02-27 15:27:58 [main] LexicalMatcherImpl - Start getting simplified concepts (Size of object: [1, -1], Size of attribute: [0, -1])...
[INFO ] 2023-02-27 15:27:58 [main] LexicalMatcherImpl - Finish getting simplified concepts!
[INFO ] 2023-02-27 15:27:58 [main] LexicalMatcherImpl - Finish extracting mappings from simplified concepts!
[INFO ] 2023-02-27 15:27:58 [main] LexicalMatcherImpl - Start building complete concepts (Size of object: [2. 2], Size of attribute: [1, -1])...
[INFO ] 2023-02-27 15:27:58 [main] LexicalMatcherImpl - Finish building complete concepts!
[INFO ] 2023-02-27 15:27:58 [main] LexicalMatcherImpl - Finish extracting mappings from complete concepts!
[INFO ] 2023-02-27 15:27:58 [main] LexicalMatcherImpl - Finish analysis!
[INFO ] 2023-02-27 15:28:00 [main] StructuralMatcherImpl - <<<<<<< Start matching class >>>>>>>
[INFO ] 2023-02-27 15:28:00 [main] StructuralMatcherImpl - Init Formal Concept Analysis Builder...
[INFO ] 2023-02-27 15:28:00 [main] StructuralMatcherImpl - Start formal concept analysis...
[INFO ] 2023-02-27 15:28:00 [main] StructuralMatcherImpl - Start getting simplified concepts (Size of object: [2, 2], Size of attribute: [0, -1])...
[INFO ] 2023-02-27 15:28:00 [main] StructuralMatcherImpl - Finish getting simplified concepts!
[INFO ] 2023-02-27 15:28:00 [main] StructuralMatcherImpl - Finish extracting mappings from simplified concepts!
[INFO ] 2023-02-27 15:28:00 [main] StructuralMatcherImpl - Start building complete concepts (Size of object: [2, 2], Size of attribute: [1, -1])...
[INFO ] 2023-02-27 15:28:00 [main] StructuralMatcherImpl - Finish building complete concepts!
[INFO ] 2023-02-27 15:28:00 [main] StructuralMatcherImpl - Finish extracting mappings from complete concepts!
[INFO ] 2023-02-27 15:28:00 [main] StructuralMatcherImpl - Finish analysis!
[INFO ] 2023-02-27 15:28:12 [main] ModelStorage - Filename: FCA/src/test/resources/metadata4/metadata4.owl
# Instances:        0, # Categories:        0, # OntProperties:        0, # DataTypeProperties:        0, # ObjectProperties:        0, # OntClasses:       22.
[INFO ] 2023-02-27 15:28:12 [main] ModelStorage - Filename: FCA/src/test/resources/metadata4/wrong4.owl
# Instances:        0, # Categories:        0, # OntProperties:        0, # DataTypeProperties:        0, # ObjectProperties:        0, # OntClasses:       14.
[INFO ] 2023-02-27 15:28:12 [main] LexicalMatcherImpl - <<<<<<< Start matching class >>>>>>>
[INFO ] 2023-02-27 15:28:12 [main] LexicalMatcherImpl - Init Formal Concept Analysis Builder...
[INFO ] 2023-02-27 15:28:12 [main] LexicalMatcherImpl - Start formal concept analysis...
[INFO ] 2023-02-27 15:28:12 [main] LexicalMatcherImpl - Start getting simplified concepts (Size of object: [1, -1], Size of attribute: [0, -1])...
[INFO ] 2023-02-27 15:28:12 [main] LexicalMatcherImpl - Finish getting simplified concepts!
[INFO ] 2023-02-27 15:28:12 [main] LexicalMatcherImpl - Finish extracting mappings from simplified concepts!
[INFO ] 2023-02-27 15:28:12 [main] LexicalMatcherImpl - Start building complete concepts (Size of object: [2. 2], Size of attribute: [1, -1])...
[INFO ] 2023-02-27 15:28:12 [main] LexicalMatcherImpl - Finish building complete concepts!
[INFO ] 2023-02-27 15:28:12 [main] LexicalMatcherImpl - Finish extracting mappings from complete concepts!
[INFO ] 2023-02-27 15:28:12 [main] LexicalMatcherImpl - Finish analysis!
[INFO ] 2023-02-27 15:28:44 [main] ModelStorage - Filename: FCA/src/test/resources/metadata4/metadata4.owl
# Instances:        0, # Categories:        0, # OntProperties:        0, # DataTypeProperties:        0, # ObjectProperties:        0, # OntClasses:       22.
[INFO ] 2023-02-27 15:28:44 [main] ModelStorage - Filename: FCA/src/test/resources/metadata4/wrong4.owl
# Instances:        0, # Categories:        0, # OntProperties:        0, # DataTypeProperties:        0, # ObjectProperties:        0, # OntClasses:       14.
[INFO ] 2023-02-27 15:28:44 [main] LexicalMatcherImpl - <<<<<<< Start matching class >>>>>>>
[INFO ] 2023-02-27 15:28:44 [main] LexicalMatcherImpl - Init Formal Concept Analysis Builder...
[INFO ] 2023-02-27 15:28:44 [main] LexicalMatcherImpl - Start formal concept analysis...
[INFO ] 2023-02-27 15:28:44 [main] LexicalMatcherImpl - Start getting simplified concepts (Size of object: [1, -1], Size of attribute: [0, -1])...
[INFO ] 2023-02-27 15:28:44 [main] LexicalMatcherImpl - Finish getting simplified concepts!
[INFO ] 2023-02-27 15:28:44 [main] LexicalMatcherImpl - Finish extracting mappings from simplified concepts!
[INFO ] 2023-02-27 15:28:44 [main] LexicalMatcherImpl - Start building complete concepts (Size of object: [2. 2], Size of attribute: [1, -1])...
[INFO ] 2023-02-27 15:28:44 [main] LexicalMatcherImpl - Finish building complete concepts!
[INFO ] 2023-02-27 15:28:44 [main] LexicalMatcherImpl - Finish extracting mappings from complete concepts!
[INFO ] 2023-02-27 15:28:44 [main] LexicalMatcherImpl - Finish analysis!
[INFO ] 2023-02-27 15:31:05 [main] ModelStorage - Filename: FCA/src/test/resources/metadata4/metadata4.owl
# Instances:        0, # Categories:        0, # OntProperties:        0, # DataTypeProperties:        0, # ObjectProperties:        0, # OntClasses:       22.
[INFO ] 2023-02-27 15:31:05 [main] ModelStorage - Filename: FCA/src/test/resources/metadata4/wrong4.owl
# Instances:        0, # Categories:        0, # OntProperties:        0, # DataTypeProperties:        0, # ObjectProperties:        0, # OntClasses:       14.
[INFO ] 2023-02-27 15:31:05 [main] LexicalMatcherImpl - <<<<<<< Start matching class >>>>>>>
[INFO ] 2023-02-27 15:31:05 [main] LexicalMatcherImpl - Init Formal Concept Analysis Builder...
[INFO ] 2023-02-27 15:31:05 [main] LexicalMatcherImpl - Start formal concept analysis...
[INFO ] 2023-02-27 15:31:05 [main] LexicalMatcherImpl - Start getting simplified concepts (Size of object: [1, -1], Size of attribute: [0, -1])...
[INFO ] 2023-02-27 15:31:05 [main] LexicalMatcherImpl - Finish getting simplified concepts!
[INFO ] 2023-02-27 15:31:05 [main] LexicalMatcherImpl - Finish extracting mappings from simplified concepts!
[INFO ] 2023-02-27 15:31:05 [main] LexicalMatcherImpl - Start building complete concepts (Size of object: [2. 2], Size of attribute: [1, -1])...
[INFO ] 2023-02-27 15:31:05 [main] LexicalMatcherImpl - Finish building complete concepts!
[INFO ] 2023-02-27 15:31:05 [main] LexicalMatcherImpl - Finish extracting mappings from complete concepts!
[INFO ] 2023-02-27 15:31:05 [main] LexicalMatcherImpl - Finish analysis!
[INFO ] 2023-02-27 15:31:44 [main] ModelStorage - Filename: FCA/src/test/resources/metadata4/metadata4.owl
# Instances:        0, # Categories:        0, # OntProperties:        0, # DataTypeProperties:        0, # ObjectProperties:        0, # OntClasses:       22.
[INFO ] 2023-02-27 15:31:44 [main] ModelStorage - Filename: FCA/src/test/resources/metadata4/wrong4.owl
# Instances:        0, # Categories:        0, # OntProperties:        0, # DataTypeProperties:        0, # ObjectProperties:        0, # OntClasses:       14.
[INFO ] 2023-02-27 15:31:44 [main] LexicalMatcherImpl - <<<<<<< Start matching class >>>>>>>
[INFO ] 2023-02-27 15:31:44 [main] LexicalMatcherImpl - Init Formal Concept Analysis Builder...
[INFO ] 2023-02-27 15:31:44 [main] LexicalMatcherImpl - Start formal concept analysis...
[INFO ] 2023-02-27 15:31:44 [main] LexicalMatcherImpl - Start getting simplified concepts (Size of object: [1, -1], Size of attribute: [0, -1])...
[INFO ] 2023-02-27 15:31:44 [main] LexicalMatcherImpl - Finish getting simplified concepts!
[INFO ] 2023-02-27 15:31:44 [main] LexicalMatcherImpl - Finish extracting mappings from simplified concepts!
[INFO ] 2023-02-27 15:31:44 [main] LexicalMatcherImpl - Start building complete concepts (Size of object: [2. 2], Size of attribute: [1, -1])...
[INFO ] 2023-02-27 15:31:44 [main] LexicalMatcherImpl - Finish building complete concepts!
[INFO ] 2023-02-27 15:31:44 [main] LexicalMatcherImpl - Finish extracting mappings from complete concepts!
[INFO ] 2023-02-27 15:31:44 [main] LexicalMatcherImpl - Finish analysis!
[INFO ] 2023-02-27 15:34:38 [main] ModelStorage - Filename: FCA/src/test/resources/metadata4/metadata4.owl
# Instances:        0, # Categories:        0, # OntProperties:        0, # DataTypeProperties:        0, # ObjectProperties:        0, # OntClasses:       22.
[INFO ] 2023-02-27 15:34:38 [main] ModelStorage - Filename: FCA/src/test/resources/metadata4/wrong4.owl
# Instances:        0, # Categories:        0, # OntProperties:        0, # DataTypeProperties:        0, # ObjectProperties:        0, # OntClasses:       14.
[INFO ] 2023-02-27 15:34:38 [main] LexicalMatcherImpl - <<<<<<< Start matching class >>>>>>>
[INFO ] 2023-02-27 15:34:38 [main] LexicalMatcherImpl - Init Formal Concept Analysis Builder...
[INFO ] 2023-02-27 15:34:38 [main] LexicalMatcherImpl - Start formal concept analysis...
[INFO ] 2023-02-27 15:34:38 [main] LexicalMatcherImpl - Start getting simplified concepts (Size of object: [1, -1], Size of attribute: [0, -1])...
[INFO ] 2023-02-27 15:34:38 [main] LexicalMatcherImpl - Finish getting simplified concepts!
[INFO ] 2023-02-27 15:34:38 [main] LexicalMatcherImpl - Finish extracting mappings from simplified concepts!
[INFO ] 2023-02-27 15:34:38 [main] LexicalMatcherImpl - Start building complete concepts (Size of object: [2. 2], Size of attribute: [1, -1])...
[INFO ] 2023-02-27 15:34:38 [main] LexicalMatcherImpl - Finish building complete concepts!
[INFO ] 2023-02-27 15:34:38 [main] LexicalMatcherImpl - Finish extracting mappings from complete concepts!
[INFO ] 2023-02-27 15:34:38 [main] LexicalMatcherImpl - Finish analysis!
[INFO ] 2023-02-27 15:34:56 [main] ModelStorage - Filename: FCA/src/test/resources/metadata4/metadata4.owl
# Instances:        0, # Categories:        0, # OntProperties:        0, # DataTypeProperties:        0, # ObjectProperties:        0, # OntClasses:       22.
[INFO ] 2023-02-27 15:34:56 [main] ModelStorage - Filename: FCA/src/test/resources/metadata4/wrong4.owl
# Instances:        0, # Categories:        0, # OntProperties:        0, # DataTypeProperties:        0, # ObjectProperties:        0, # OntClasses:       14.
[INFO ] 2023-02-27 15:34:56 [main] LexicalMatcherImpl - <<<<<<< Start matching class >>>>>>>
[INFO ] 2023-02-27 15:34:56 [main] LexicalMatcherImpl - Init Formal Concept Analysis Builder...
[INFO ] 2023-02-27 15:34:56 [main] LexicalMatcherImpl - Start formal concept analysis...
[INFO ] 2023-02-27 15:34:56 [main] LexicalMatcherImpl - Start getting simplified concepts (Size of object: [1, -1], Size of attribute: [0, -1])...
[INFO ] 2023-02-27 15:34:56 [main] LexicalMatcherImpl - Finish getting simplified concepts!
[INFO ] 2023-02-27 15:34:56 [main] LexicalMatcherImpl - Finish extracting mappings from simplified concepts!
[INFO ] 2023-02-27 15:34:56 [main] LexicalMatcherImpl - Start building complete concepts (Size of object: [2. 2], Size of attribute: [1, -1])...
[INFO ] 2023-02-27 15:34:56 [main] LexicalMatcherImpl - Finish building complete concepts!
[INFO ] 2023-02-27 15:34:56 [main] LexicalMatcherImpl - Finish extracting mappings from complete concepts!
[INFO ] 2023-02-27 15:34:56 [main] LexicalMatcherImpl - Finish analysis!
[INFO ] 2023-02-27 15:35:09 [main] ModelStorage - Filename: FCA/src/test/resources/metadata4/metadata4.owl
# Instances:        0, # Categories:        0, # OntProperties:        0, # DataTypeProperties:        0, # ObjectProperties:        0, # OntClasses:       22.
[INFO ] 2023-02-27 15:35:09 [main] ModelStorage - Filename: FCA/src/test/resources/metadata4/wrong4.owl
# Instances:        0, # Categories:        0, # OntProperties:        0, # DataTypeProperties:        0, # ObjectProperties:        0, # OntClasses:       14.
[INFO ] 2023-02-27 15:35:09 [main] LexicalMatcherImpl - <<<<<<< Start matching class >>>>>>>
[INFO ] 2023-02-27 15:35:09 [main] LexicalMatcherImpl - Init Formal Concept Analysis Builder...
[INFO ] 2023-02-27 15:35:09 [main] LexicalMatcherImpl - Start formal concept analysis...
[INFO ] 2023-02-27 15:35:09 [main] LexicalMatcherImpl - Start getting simplified concepts (Size of object: [1, -1], Size of attribute: [0, -1])...
[INFO ] 2023-02-27 15:35:09 [main] LexicalMatcherImpl - Finish getting simplified concepts!
[INFO ] 2023-02-27 15:35:09 [main] LexicalMatcherImpl - Finish extracting mappings from simplified concepts!
[INFO ] 2023-02-27 15:35:09 [main] LexicalMatcherImpl - Start building complete concepts (Size of object: [2. 2], Size of attribute: [1, -1])...
[INFO ] 2023-02-27 15:35:09 [main] LexicalMatcherImpl - Finish building complete concepts!
[INFO ] 2023-02-27 15:35:09 [main] LexicalMatcherImpl - Finish extracting mappings from complete concepts!
[INFO ] 2023-02-27 15:35:09 [main] LexicalMatcherImpl - Finish analysis!
[INFO ] 2023-02-27 15:37:00 [main] ModelStorage - Filename: FCA/src/test/resources/metadata4/metadata4.owl
# Instances:        0, # Categories:        0, # OntProperties:        0, # DataTypeProperties:        0, # ObjectProperties:        0, # OntClasses:       22.
[INFO ] 2023-02-27 15:37:00 [main] ModelStorage - Filename: FCA/src/test/resources/metadata4/wrong4.owl
# Instances:        0, # Categories:        0, # OntProperties:        0, # DataTypeProperties:        0, # ObjectProperties:        0, # OntClasses:       14.
[INFO ] 2023-02-27 15:37:00 [main] LexicalMatcherImpl - <<<<<<< Start matching class >>>>>>>
[INFO ] 2023-02-27 15:37:00 [main] LexicalMatcherImpl - Init Formal Concept Analysis Builder...
[INFO ] 2023-02-27 15:37:00 [main] LexicalMatcherImpl - Start formal concept analysis...
[INFO ] 2023-02-27 15:37:00 [main] LexicalMatcherImpl - Start getting simplified concepts (Size of object: [1, -1], Size of attribute: [0, -1])...
[INFO ] 2023-02-27 15:37:00 [main] LexicalMatcherImpl - Finish getting simplified concepts!
[INFO ] 2023-02-27 15:37:00 [main] LexicalMatcherImpl - Finish extracting mappings from simplified concepts!
[INFO ] 2023-02-27 15:37:00 [main] LexicalMatcherImpl - Start building complete concepts (Size of object: [2. 2], Size of attribute: [1, -1])...
[INFO ] 2023-02-27 15:37:00 [main] LexicalMatcherImpl - Finish building complete concepts!
[INFO ] 2023-02-27 15:37:00 [main] LexicalMatcherImpl - Finish extracting mappings from complete concepts!
[INFO ] 2023-02-27 15:37:00 [main] LexicalMatcherImpl - Finish analysis!
[INFO ] 2023-02-27 15:37:33 [main] ModelStorage - Filename: FCA/src/test/resources/metadata4/metadata4.owl
# Instances:        0, # Categories:        0, # OntProperties:        0, # DataTypeProperties:        0, # ObjectProperties:        0, # OntClasses:       22.
[INFO ] 2023-02-27 15:37:33 [main] ModelStorage - Filename: FCA/src/test/resources/metadata4/wrong4.owl
# Instances:        0, # Categories:        0, # OntProperties:        0, # DataTypeProperties:        0, # ObjectProperties:        0, # OntClasses:       14.
[INFO ] 2023-02-27 15:37:33 [main] LexicalMatcherImpl - <<<<<<< Start matching class >>>>>>>
[INFO ] 2023-02-27 15:37:33 [main] LexicalMatcherImpl - Init Formal Concept Analysis Builder...
[INFO ] 2023-02-27 15:37:33 [main] LexicalMatcherImpl - Start formal concept analysis...
[INFO ] 2023-02-27 15:37:33 [main] LexicalMatcherImpl - Start getting simplified concepts (Size of object: [1, -1], Size of attribute: [0, -1])...
[INFO ] 2023-02-27 15:37:33 [main] LexicalMatcherImpl - Finish getting simplified concepts!
[INFO ] 2023-02-27 15:37:33 [main] LexicalMatcherImpl - Finish extracting mappings from simplified concepts!
[INFO ] 2023-02-27 15:37:33 [main] LexicalMatcherImpl - Start building complete concepts (Size of object: [2. 2], Size of attribute: [1, -1])...
[INFO ] 2023-02-27 15:37:33 [main] LexicalMatcherImpl - Finish building complete concepts!
[INFO ] 2023-02-27 15:37:33 [main] LexicalMatcherImpl - Finish extracting mappings from complete concepts!
[INFO ] 2023-02-27 15:37:33 [main] LexicalMatcherImpl - Finish analysis!
[INFO ] 2023-02-27 15:47:26 [main] ModelStorage - Filename: FCA/src/test/resources/metadata4/metadata4.owl
# Instances:        0, # Categories:        0, # OntProperties:        0, # DataTypeProperties:        0, # ObjectProperties:        0, # OntClasses:       22.
[INFO ] 2023-02-27 15:47:26 [main] ModelStorage - Filename: FCA/src/test/resources/metadata4/wrong4.owl
# Instances:        0, # Categories:        0, # OntProperties:        0, # DataTypeProperties:        0, # ObjectProperties:        0, # OntClasses:       14.
[INFO ] 2023-02-27 15:47:26 [main] LexicalMatcherImpl - <<<<<<< Start matching class >>>>>>>
[INFO ] 2023-02-27 15:47:26 [main] LexicalMatcherImpl - Init Formal Concept Analysis Builder...
[INFO ] 2023-02-27 15:47:26 [main] LexicalMatcherImpl - Start formal concept analysis...
[INFO ] 2023-02-27 15:47:26 [main] LexicalMatcherImpl - Start getting simplified concepts (Size of object: [1, -1], Size of attribute: [0, -1])...
[INFO ] 2023-02-27 15:47:26 [main] LexicalMatcherImpl - Finish getting simplified concepts!
[INFO ] 2023-02-27 15:47:26 [main] LexicalMatcherImpl - Finish extracting mappings from simplified concepts!
[INFO ] 2023-02-27 15:47:26 [main] LexicalMatcherImpl - Start building complete concepts (Size of object: [2. 2], Size of attribute: [1, -1])...
[INFO ] 2023-02-27 15:47:26 [main] LexicalMatcherImpl - Finish building complete concepts!
[INFO ] 2023-02-27 15:47:26 [main] LexicalMatcherImpl - Finish extracting mappings from complete concepts!
[INFO ] 2023-02-27 15:47:26 [main] LexicalMatcherImpl - Finish analysis!
[INFO ] 2023-02-27 18:37:02 [main] ModelStorage - Filename: FCA/src/test/resources/metadata4/metadata4.owl
# Instances:        0, # Categories:        0, # OntProperties:        0, # DataTypeProperties:        0, # ObjectProperties:        0, # OntClasses:       22.
[INFO ] 2023-02-27 18:37:02 [main] ModelStorage - Filename: FCA/src/test/resources/metadata4/wrong4.owl
# Instances:        0, # Categories:        0, # OntProperties:        0, # DataTypeProperties:        0, # ObjectProperties:        0, # OntClasses:       14.
[INFO ] 2023-02-27 18:37:02 [main] LexicalMatcherImpl - <<<<<<< Start matching class >>>>>>>
[INFO ] 2023-02-27 18:37:02 [main] LexicalMatcherImpl - Init Formal Concept Analysis Builder...
[INFO ] 2023-02-27 18:37:02 [main] LexicalMatcherImpl - Start formal concept analysis...
[INFO ] 2023-02-27 18:37:02 [main] LexicalMatcherImpl - Start getting simplified concepts (Size of object: [1, -1], Size of attribute: [0, -1])...
[INFO ] 2023-02-27 18:37:02 [main] LexicalMatcherImpl - Finish getting simplified concepts!
[INFO ] 2023-02-27 18:37:02 [main] LexicalMatcherImpl - Finish extracting mappings from simplified concepts!
[INFO ] 2023-02-27 18:37:02 [main] LexicalMatcherImpl - Start building complete concepts (Size of object: [2. 2], Size of attribute: [1, -1])...
[INFO ] 2023-02-27 18:37:02 [main] LexicalMatcherImpl - Finish building complete concepts!
[INFO ] 2023-02-27 18:37:02 [main] LexicalMatcherImpl - Finish extracting mappings from complete concepts!
[INFO ] 2023-02-27 18:37:02 [main] LexicalMatcherImpl - Finish analysis!
[INFO ] 2023-02-27 18:38:36 [main] ModelStorage - Filename: FCA/src/test/resources/metadata4/metadata4.owl
# Instances:        0, # Categories:        0, # OntProperties:        0, # DataTypeProperties:        0, # ObjectProperties:        0, # OntClasses:       22.
[INFO ] 2023-02-27 18:38:36 [main] ModelStorage - Filename: FCA/src/test/resources/metadata4/wrong4.owl
# Instances:        0, # Categories:        0, # OntProperties:        0, # DataTypeProperties:        0, # ObjectProperties:        0, # OntClasses:       14.
[INFO ] 2023-02-27 18:38:36 [main] LexicalMatcherImpl - <<<<<<< Start matching class >>>>>>>
[INFO ] 2023-02-27 18:38:36 [main] LexicalMatcherImpl - Init Formal Concept Analysis Builder...
[INFO ] 2023-02-27 18:38:36 [main] LexicalMatcherImpl - Start formal concept analysis...
[INFO ] 2023-02-27 18:38:36 [main] LexicalMatcherImpl - Start getting simplified concepts (Size of object: [1, -1], Size of attribute: [0, -1])...
[INFO ] 2023-02-27 18:38:36 [main] LexicalMatcherImpl - Finish getting simplified concepts!
[INFO ] 2023-02-27 18:38:36 [main] LexicalMatcherImpl - Finish extracting mappings from simplified concepts!
[INFO ] 2023-02-27 18:38:36 [main] LexicalMatcherImpl - Start building complete concepts (Size of object: [2. 2], Size of attribute: [1, -1])...
[INFO ] 2023-02-27 18:38:36 [main] LexicalMatcherImpl - Finish building complete concepts!
[INFO ] 2023-02-27 18:38:36 [main] LexicalMatcherImpl - Finish extracting mappings from complete concepts!
[INFO ] 2023-02-27 18:38:36 [main] LexicalMatcherImpl - Finish analysis!
[INFO ] 2023-02-27 18:39:52 [main] ModelStorage - Filename: FCA/src/test/resources/metadata4/metadata4.owl
# Instances:        0, # Categories:        0, # OntProperties:        0, # DataTypeProperties:        0, # ObjectProperties:        0, # OntClasses:       22.
[INFO ] 2023-02-27 18:39:52 [main] ModelStorage - Filename: FCA/src/test/resources/metadata4/wrong4.owl
# Instances:        0, # Categories:        0, # OntProperties:        0, # DataTypeProperties:        0, # ObjectProperties:        0, # OntClasses:       14.
[INFO ] 2023-02-27 18:39:52 [main] LexicalMatcherImpl - <<<<<<< Start matching class >>>>>>>
[INFO ] 2023-02-27 18:39:52 [main] LexicalMatcherImpl - Init Formal Concept Analysis Builder...
[INFO ] 2023-02-27 18:39:52 [main] LexicalMatcherImpl - Start formal concept analysis...
[INFO ] 2023-02-27 18:39:52 [main] LexicalMatcherImpl - Start getting simplified concepts (Size of object: [1, -1], Size of attribute: [0, -1])...
[INFO ] 2023-02-27 18:39:52 [main] LexicalMatcherImpl - Finish getting simplified concepts!
[INFO ] 2023-02-27 18:39:52 [main] LexicalMatcherImpl - Finish extracting mappings from simplified concepts!
[INFO ] 2023-02-27 18:39:52 [main] LexicalMatcherImpl - Start building complete concepts (Size of object: [2. 2], Size of attribute: [1, -1])...
[INFO ] 2023-02-27 18:39:52 [main] LexicalMatcherImpl - Finish building complete concepts!
[INFO ] 2023-02-27 18:39:52 [main] LexicalMatcherImpl - Finish extracting mappings from complete concepts!
[INFO ] 2023-02-27 18:39:52 [main] LexicalMatcherImpl - Finish analysis!
[INFO ] 2023-02-27 18:47:04 [main] ModelStorage - Filename: FCA/src/test/resources/metadata4/metadata4.owl
# Instances:        0, # Categories:        0, # OntProperties:        0, # DataTypeProperties:        0, # ObjectProperties:        0, # OntClasses:       22.
[INFO ] 2023-02-27 18:47:04 [main] ModelStorage - Filename: FCA/src/test/resources/metadata4/wrong4.owl
# Instances:        0, # Categories:        0, # OntProperties:        0, # DataTypeProperties:        0, # ObjectProperties:        0, # OntClasses:       14.
[INFO ] 2023-02-27 18:47:04 [main] LexicalMatcherImpl - <<<<<<< Start matching class >>>>>>>
[INFO ] 2023-02-27 18:47:04 [main] LexicalMatcherImpl - Init Formal Concept Analysis Builder...
[INFO ] 2023-02-27 18:47:04 [main] LexicalMatcherImpl - Start formal concept analysis...
[INFO ] 2023-02-27 18:47:04 [main] LexicalMatcherImpl - Start getting simplified concepts (Size of object: [1, -1], Size of attribute: [0, -1])...
[INFO ] 2023-02-27 18:47:04 [main] LexicalMatcherImpl - Finish getting simplified concepts!
[INFO ] 2023-02-27 18:47:04 [main] LexicalMatcherImpl - Finish extracting mappings from simplified concepts!
[INFO ] 2023-02-27 18:47:04 [main] LexicalMatcherImpl - Start building complete concepts (Size of object: [2. 2], Size of attribute: [1, -1])...
[INFO ] 2023-02-27 18:47:04 [main] LexicalMatcherImpl - Finish building complete concepts!
[INFO ] 2023-02-27 18:47:04 [main] LexicalMatcherImpl - Finish extracting mappings from complete concepts!
[INFO ] 2023-02-27 18:47:04 [main] LexicalMatcherImpl - Finish analysis!
[INFO ] 2023-02-27 18:50:27 [main] ModelStorage - Filename: FCA/src/test/resources/metadata4/metadata4.owl
# Instances:        0, # Categories:        0, # OntProperties:        0, # DataTypeProperties:        0, # ObjectProperties:        0, # OntClasses:       22.
[INFO ] 2023-02-27 18:50:27 [main] ModelStorage - Filename: FCA/src/test/resources/metadata4/wrong4.owl
# Instances:        0, # Categories:        0, # OntProperties:        0, # DataTypeProperties:        0, # ObjectProperties:        0, # OntClasses:       14.
[INFO ] 2023-02-27 18:50:27 [main] LexicalMatcherImpl - <<<<<<< Start matching class >>>>>>>
[INFO ] 2023-02-27 18:50:27 [main] LexicalMatcherImpl - Init Formal Concept Analysis Builder...
[INFO ] 2023-02-27 18:50:27 [main] LexicalMatcherImpl - Start formal concept analysis...
[INFO ] 2023-02-27 18:50:27 [main] LexicalMatcherImpl - Start getting simplified concepts (Size of object: [1, -1], Size of attribute: [0, -1])...
[INFO ] 2023-02-27 18:50:27 [main] LexicalMatcherImpl - Finish getting simplified concepts!
[INFO ] 2023-02-27 18:50:27 [main] LexicalMatcherImpl - Finish extracting mappings from simplified concepts!
[INFO ] 2023-02-27 18:50:27 [main] LexicalMatcherImpl - Start building complete concepts (Size of object: [2. 2], Size of attribute: [1, -1])...
[INFO ] 2023-02-27 18:50:27 [main] LexicalMatcherImpl - Finish building complete concepts!
[INFO ] 2023-02-27 18:50:27 [main] LexicalMatcherImpl - Finish extracting mappings from complete concepts!
[INFO ] 2023-02-27 18:50:27 [main] LexicalMatcherImpl - Finish analysis!
